2023-04-07 17:07:43,670 - mylog - INFO - 用例返回：{'msg': '操作成功', 'code': 200, 'token': 'eyJhbGciOiJIUzUxMiJ9.eyJsb2dpbl91c2VyX2tleSI6IjQ3NjZmY2E3LTZjNGQtNDI4NS1iYjMyLWI1ZGYzMDNhNDRiOSJ9.86mIoCdeuBdh1TEkODEDgX75Qj215-AT8qhqEBD24HNcHX0ZNI4TN4hMRS3FPl039TKNbSxKpYB9lCMB13GYxA'}
2023-04-07 17:07:43,671 - mylog - INFO - 用例--【用户登录】--传递了参数【{'token': 'eyJhbGciOiJIUzUxMiJ9.eyJsb2dpbl91c2VyX2tleSI6IjQ3NjZmY2E3LTZjNGQtNDI4NS1iYjMyLWI1ZGYzMDNhNDRiOSJ9.86mIoCdeuBdh1TEkODEDgX75Qj215-AT8qhqEBD24HNcHX0ZNI4TN4hMRS3FPl039TKNbSxKpYB9lCMB13GYxA'}】到下一个接口
2023-04-07 17:07:43,671 - mylog - INFO - 用例--【用户登录】--执行通过
2023-04-07 17:07:43,882 - mylog - INFO - 用例返回：{'rows': [{'id': 125, 'titleName': '咸鱼'}, {'id': 124, 'titleName': '全职猎人'}, {'id': 123, 'titleName': '球王'}, {'id': 122, 'titleName': '邮寄证书职称'}, {'id': 121, 'titleName': '开发测试'}, {'id': 120, 'titleName': '测试重复'}, {'id': 119, 'titleName': '测试'}, {'id': 118, 'titleName': 'test'}, {'id': 117, 'titleName': 'zwx职称测试'}, {'id': 116, 'titleName': '小周裁判'}], 'total': 26, 'code': 200, 'msg': '查询成功'}
2023-04-07 17:07:43,883 - mylog - INFO - 用例--【查询所有职称】--执行通过
2023-04-07 17:07:44,225 - mylog - INFO - 用例返回：{'msg': '操作成功', 'code': 200, 'token': 'eyJhbGciOiJIUzUxMiJ9.eyJsb2dpbl91c2VyX2tleSI6IjdmZjI0ZDVkLTg4OTEtNGE2Yy05ODQ4LTQ4MmQ4YmNkMDI2ZCJ9.i1PNbIkOMI5Wh33MQdavPCiO867cMDQNnu0Yl440h_oIZURKU0m0GS5VsuyjQWsK_G1wuXldly0NkwXWQd1QYQ'}
2023-04-07 17:07:44,225 - mylog - INFO - 用例--【用户登录】--传递了参数【{'token': 'eyJhbGciOiJIUzUxMiJ9.eyJsb2dpbl91c2VyX2tleSI6IjdmZjI0ZDVkLTg4OTEtNGE2Yy05ODQ4LTQ4MmQ4YmNkMDI2ZCJ9.i1PNbIkOMI5Wh33MQdavPCiO867cMDQNnu0Yl440h_oIZURKU0m0GS5VsuyjQWsK_G1wuXldly0NkwXWQd1QYQ'}】到下一个接口
2023-04-07 17:07:44,225 - mylog - INFO - 用例--【用户登录】--执行通过
2023-04-07 17:07:44,484 - mylog - INFO - 用例返回：{'rows': [{'id': 125, 'titleName': '咸鱼'}, {'id': 124, 'titleName': '全职猎人'}, {'id': 123, 'titleName': '球王'}, {'id': 122, 'titleName': '邮寄证书职称'}, {'id': 121, 'titleName': '开发测试'}, {'id': 120, 'titleName': '测试重复'}, {'id': 119, 'titleName': '测试'}, {'id': 118, 'titleName': 'test'}, {'id': 117, 'titleName': 'zwx职称测试'}, {'id': 116, 'titleName': '小周裁判'}], 'total': 26, 'code': 200, 'msg': '查询成功'}
2023-04-07 17:07:44,484 - mylog - INFO - 用例--【查询所有职称】--执行通过
2023-04-07 17:59:12,282 - mylog - INFO - 用例返回：{'msg': '操作成功', 'code': 200, 'token': 'eyJhbGciOiJIUzUxMiJ9.eyJsb2dpbl91c2VyX2tleSI6Ijk2M2Q4MzE4LWI0NzEtNDliNC05MTE0LWIxNDAxMDcyNzNiMSJ9.5FgbijEOYCfK-cpcMu2acv8asLOz-AgUxRR36u7a9QEig91_YOoFTWpnG06e9UTiKQeGFvHZjx5Fyr9eWmf8Vw'}
2023-04-07 17:59:12,282 - mylog - INFO - 用例--【用户登录】--传递了参数【{'token': 'eyJhbGciOiJIUzUxMiJ9.eyJsb2dpbl91c2VyX2tleSI6Ijk2M2Q4MzE4LWI0NzEtNDliNC05MTE0LWIxNDAxMDcyNzNiMSJ9.5FgbijEOYCfK-cpcMu2acv8asLOz-AgUxRR36u7a9QEig91_YOoFTWpnG06e9UTiKQeGFvHZjx5Fyr9eWmf8Vw'}】到下一个接口
2023-04-07 17:59:12,282 - mylog - INFO - 用例--【用户登录】--执行通过
2023-04-07 17:59:12,547 - mylog - INFO - 用例返回：{'rows': [{'id': 125, 'titleName': '咸鱼'}, {'id': 124, 'titleName': '全职猎人'}, {'id': 123, 'titleName': '球王'}, {'id': 122, 'titleName': '邮寄证书职称'}, {'id': 121, 'titleName': '开发测试'}, {'id': 120, 'titleName': '测试重复'}, {'id': 119, 'titleName': '测试'}, {'id': 118, 'titleName': 'test'}, {'id': 117, 'titleName': 'zwx职称测试'}, {'id': 116, 'titleName': '小周裁判'}], 'total': 26, 'code': 200, 'msg': '查询成功'}
2023-04-07 17:59:12,547 - mylog - INFO - 用例--【查询所有职称】--执行通过
2023-04-07 17:59:12,860 - mylog - INFO - 用例返回：{'msg': '操作成功', 'code': 200, 'token': 'eyJhbGciOiJIUzUxMiJ9.eyJsb2dpbl91c2VyX2tleSI6IjgxZTE5ZmYwLTQ4Y2EtNDc5NS04NTU0LTNmMTNjOTkwMGJhOCJ9.xyUjTtpmTr9tzKs7q4Cs_9J_HDqH01gUXJ3kN9qn8erOX21lIVSAXS2we7tX8WpEWMWnX3qgxCWZ4MrEYBxqpA'}
2023-04-07 17:59:12,860 - mylog - INFO - 用例--【用户登录】--传递了参数【{'token': 'eyJhbGciOiJIUzUxMiJ9.eyJsb2dpbl91c2VyX2tleSI6IjgxZTE5ZmYwLTQ4Y2EtNDc5NS04NTU0LTNmMTNjOTkwMGJhOCJ9.xyUjTtpmTr9tzKs7q4Cs_9J_HDqH01gUXJ3kN9qn8erOX21lIVSAXS2we7tX8WpEWMWnX3qgxCWZ4MrEYBxqpA'}】到下一个接口
2023-04-07 17:59:12,860 - mylog - INFO - 用例--【用户登录】--执行通过
2023-04-07 17:59:13,250 - mylog - INFO - 用例返回：{'rows': [{'id': 125, 'titleName': '咸鱼'}, {'id': 124, 'titleName': '全职猎人'}, {'id': 123, 'titleName': '球王'}, {'id': 122, 'titleName': '邮寄证书职称'}, {'id': 121, 'titleName': '开发测试'}, {'id': 120, 'titleName': '测试重复'}, {'id': 119, 'titleName': '测试'}, {'id': 118, 'titleName': 'test'}, {'id': 117, 'titleName': 'zwx职称测试'}, {'id': 116, 'titleName': '小周裁判'}], 'total': 26, 'code': 200, 'msg': '查询成功'}
2023-04-07 17:59:13,250 - mylog - INFO - 用例--【查询所有职称】--执行通过
2023-04-07 18:06:04,441 - mylog - INFO - 用例返回：{'msg': '操作成功', 'code': 200, 'token': 'eyJhbGciOiJIUzUxMiJ9.eyJsb2dpbl91c2VyX2tleSI6IjZmMGM0MGE1LTU5YzctNDQ3NS1iYmM2LTg5Y2ZkZmNjZTU2ZCJ9.nZd7iOm6hxc5xrYcZM3AafwU_0YA9kvJhDh2pQsYWcLLBkzYnEzYq1i8QtOlTFLPIhWYMGBYT6ywEd5a-RnUNg'}
2023-04-07 18:06:04,441 - mylog - INFO - 用例--【用户登录】--传递了参数【{'token': 'eyJhbGciOiJIUzUxMiJ9.eyJsb2dpbl91c2VyX2tleSI6IjZmMGM0MGE1LTU5YzctNDQ3NS1iYmM2LTg5Y2ZkZmNjZTU2ZCJ9.nZd7iOm6hxc5xrYcZM3AafwU_0YA9kvJhDh2pQsYWcLLBkzYnEzYq1i8QtOlTFLPIhWYMGBYT6ywEd5a-RnUNg'}】到下一个接口
2023-04-07 18:06:04,441 - mylog - INFO - 用例--【用户登录】--执行通过
2023-04-07 18:06:04,660 - mylog - INFO - 用例返回：{'rows': [{'id': 125, 'titleName': '咸鱼'}, {'id': 124, 'titleName': '全职猎人'}, {'id': 123, 'titleName': '球王'}, {'id': 122, 'titleName': '邮寄证书职称'}, {'id': 121, 'titleName': '开发测试'}, {'id': 120, 'titleName': '测试重复'}, {'id': 119, 'titleName': '测试'}, {'id': 118, 'titleName': 'test'}, {'id': 117, 'titleName': 'zwx职称测试'}, {'id': 116, 'titleName': '小周裁判'}], 'total': 26, 'code': 200, 'msg': '查询成功'}
2023-04-07 18:06:04,660 - mylog - INFO - 用例--【查询所有职称】--执行通过
2023-04-07 18:06:04,957 - mylog - INFO - 用例返回：{'msg': '操作成功', 'code': 200, 'token': 'eyJhbGciOiJIUzUxMiJ9.eyJsb2dpbl91c2VyX2tleSI6IjBhZjk1NTdlLTEwZjQtNGNhNy1hOGJkLTVmNzQxOWUxNWI3OCJ9.cHG7Z9SLinfOHC18ilqaisUkEO0orSftClN_wlp1NX5FFk41Fa2WVNxvoWw9a9tVBv1GdHjJh_9X2tqSSwKXJw'}
2023-04-07 18:06:04,957 - mylog - INFO - 用例--【用户登录】--传递了参数【{'token': 'eyJhbGciOiJIUzUxMiJ9.eyJsb2dpbl91c2VyX2tleSI6IjBhZjk1NTdlLTEwZjQtNGNhNy1hOGJkLTVmNzQxOWUxNWI3OCJ9.cHG7Z9SLinfOHC18ilqaisUkEO0orSftClN_wlp1NX5FFk41Fa2WVNxvoWw9a9tVBv1GdHjJh_9X2tqSSwKXJw'}】到下一个接口
2023-04-07 18:06:04,957 - mylog - INFO - 用例--【用户登录】--执行通过
2023-04-07 18:06:05,176 - mylog - INFO - 用例返回：{'rows': [{'id': 125, 'titleName': '咸鱼'}, {'id': 124, 'titleName': '全职猎人'}, {'id': 123, 'titleName': '球王'}, {'id': 122, 'titleName': '邮寄证书职称'}, {'id': 121, 'titleName': '开发测试'}, {'id': 120, 'titleName': '测试重复'}, {'id': 119, 'titleName': '测试'}, {'id': 118, 'titleName': 'test'}, {'id': 117, 'titleName': 'zwx职称测试'}, {'id': 116, 'titleName': '小周裁判'}], 'total': 26, 'code': 200, 'msg': '查询成功'}
2023-04-07 18:06:05,176 - mylog - INFO - 用例--【查询所有职称】--执行通过
2023-04-07 18:08:10,968 - mylog - INFO - 用例返回：{'msg': '操作成功', 'code': 200, 'token': 'eyJhbGciOiJIUzUxMiJ9.eyJsb2dpbl91c2VyX2tleSI6IjBmMGVhZjhlLWU0OGItNDZlOC1hMWVlLTM1ZTQ2NDA4NTI4NyJ9.clf32KbZQVl_fpSniMTJsO1PLh-O-qR4xWykyM58X9bbHRnVztAprR8nIyEqbYJ92GsV3P9F16yOVvjLp6WXxA'}
2023-04-07 18:08:10,968 - mylog - INFO - 用例--【用户登录】--传递了参数【{'token': 'eyJhbGciOiJIUzUxMiJ9.eyJsb2dpbl91c2VyX2tleSI6IjBmMGVhZjhlLWU0OGItNDZlOC1hMWVlLTM1ZTQ2NDA4NTI4NyJ9.clf32KbZQVl_fpSniMTJsO1PLh-O-qR4xWykyM58X9bbHRnVztAprR8nIyEqbYJ92GsV3P9F16yOVvjLp6WXxA'}】到下一个接口
2023-04-07 18:08:10,968 - mylog - INFO - 用例--【用户登录】--执行通过
2023-04-07 18:08:11,171 - mylog - INFO - 用例返回：{'rows': [{'id': 125, 'titleName': '咸鱼'}, {'id': 124, 'titleName': '全职猎人'}, {'id': 123, 'titleName': '球王'}, {'id': 122, 'titleName': '邮寄证书职称'}, {'id': 121, 'titleName': '开发测试'}, {'id': 120, 'titleName': '测试重复'}, {'id': 119, 'titleName': '测试'}, {'id': 118, 'titleName': 'test'}, {'id': 117, 'titleName': 'zwx职称测试'}, {'id': 116, 'titleName': '小周裁判'}], 'total': 26, 'code': 200, 'msg': '查询成功'}
2023-04-07 18:08:11,171 - mylog - INFO - 用例--【查询所有职称】--执行通过
2023-04-07 18:08:11,468 - mylog - INFO - 用例返回：{'msg': '操作成功', 'code': 200, 'token': 'eyJhbGciOiJIUzUxMiJ9.eyJsb2dpbl91c2VyX2tleSI6ImE5OWY5ZmQzLTZkNjgtNDZlMi05YTZiLTRhMmUxM2IzN2RmMCJ9.I9-TSKm3Tf21IJ3DDrqmQKEXvujecaNu3XKVj_0MHXbyD19yhTniDUxNzv5CguFE8YcVIQ0qrC2qAMe8tKEyyg'}
2023-04-07 18:08:11,468 - mylog - INFO - 用例--【用户登录】--传递了参数【{'token': 'eyJhbGciOiJIUzUxMiJ9.eyJsb2dpbl91c2VyX2tleSI6ImE5OWY5ZmQzLTZkNjgtNDZlMi05YTZiLTRhMmUxM2IzN2RmMCJ9.I9-TSKm3Tf21IJ3DDrqmQKEXvujecaNu3XKVj_0MHXbyD19yhTniDUxNzv5CguFE8YcVIQ0qrC2qAMe8tKEyyg'}】到下一个接口
2023-04-07 18:08:11,468 - mylog - INFO - 用例--【用户登录】--执行通过
2023-04-07 18:08:11,656 - mylog - INFO - 用例返回：{'rows': [{'id': 125, 'titleName': '咸鱼'}, {'id': 124, 'titleName': '全职猎人'}, {'id': 123, 'titleName': '球王'}, {'id': 122, 'titleName': '邮寄证书职称'}, {'id': 121, 'titleName': '开发测试'}, {'id': 120, 'titleName': '测试重复'}, {'id': 119, 'titleName': '测试'}, {'id': 118, 'titleName': 'test'}, {'id': 117, 'titleName': 'zwx职称测试'}, {'id': 116, 'titleName': '小周裁判'}], 'total': 26, 'code': 200, 'msg': '查询成功'}
2023-04-07 18:08:11,656 - mylog - INFO - 用例--【查询所有职称】--执行通过
2023-04-07 18:11:09,170 - mylog - INFO - 用例返回：{'msg': '操作成功', 'code': 200, 'token': 'eyJhbGciOiJIUzUxMiJ9.eyJsb2dpbl91c2VyX2tleSI6IjJhMjA0OTY5LTFhNGMtNGQwOC1hNjVhLTQ0NzY0NjUzMzJkYiJ9.efP7qH_YINZRNphKanudG5sdkzQremowH59AHMXzI8OynncQhn0JiWSULSfiX3ll-67xynizIVz1nVFU3gq4SQ'}
2023-04-07 18:11:09,170 - mylog - INFO - 用例--【用户登录】--传递了参数【{'token': 'eyJhbGciOiJIUzUxMiJ9.eyJsb2dpbl91c2VyX2tleSI6IjJhMjA0OTY5LTFhNGMtNGQwOC1hNjVhLTQ0NzY0NjUzMzJkYiJ9.efP7qH_YINZRNphKanudG5sdkzQremowH59AHMXzI8OynncQhn0JiWSULSfiX3ll-67xynizIVz1nVFU3gq4SQ'}】到下一个接口
2023-04-07 18:11:09,170 - mylog - INFO - 用例--【用户登录】--执行通过
2023-04-07 18:11:09,373 - mylog - INFO - 用例返回：{'rows': [{'id': 125, 'titleName': '咸鱼'}, {'id': 124, 'titleName': '全职猎人'}, {'id': 123, 'titleName': '球王'}, {'id': 122, 'titleName': '邮寄证书职称'}, {'id': 121, 'titleName': '开发测试'}, {'id': 120, 'titleName': '测试重复'}, {'id': 119, 'titleName': '测试'}, {'id': 118, 'titleName': 'test'}, {'id': 117, 'titleName': 'zwx职称测试'}, {'id': 116, 'titleName': '小周裁判'}], 'total': 26, 'code': 200, 'msg': '查询成功'}
2023-04-07 18:11:09,373 - mylog - INFO - 用例--【查询所有职称】--执行通过
2023-04-07 18:11:09,670 - mylog - INFO - 用例返回：{'msg': '操作成功', 'code': 200, 'token': 'eyJhbGciOiJIUzUxMiJ9.eyJsb2dpbl91c2VyX2tleSI6IjYzY2ZmZjg3LWE4YzItNDkwNS05OTFhLTE0ZjVhOGIwZWNlMCJ9.j_lTPc0LAGGqtFgOKpdB2Mo9Qr56W-JsFMoukvw0LFf0mRdvYz1kH-NoqDetK-cZrGltRGnb0RdZ9n2ki_W99Q'}
2023-04-07 18:11:09,670 - mylog - INFO - 用例--【用户登录】--传递了参数【{'token': 'eyJhbGciOiJIUzUxMiJ9.eyJsb2dpbl91c2VyX2tleSI6IjYzY2ZmZjg3LWE4YzItNDkwNS05OTFhLTE0ZjVhOGIwZWNlMCJ9.j_lTPc0LAGGqtFgOKpdB2Mo9Qr56W-JsFMoukvw0LFf0mRdvYz1kH-NoqDetK-cZrGltRGnb0RdZ9n2ki_W99Q'}】到下一个接口
2023-04-07 18:11:09,670 - mylog - INFO - 用例--【用户登录】--执行通过
2023-04-07 18:11:09,858 - mylog - INFO - 用例返回：{'rows': [{'id': 125, 'titleName': '咸鱼'}, {'id': 124, 'titleName': '全职猎人'}, {'id': 123, 'titleName': '球王'}, {'id': 122, 'titleName': '邮寄证书职称'}, {'id': 121, 'titleName': '开发测试'}, {'id': 120, 'titleName': '测试重复'}, {'id': 119, 'titleName': '测试'}, {'id': 118, 'titleName': 'test'}, {'id': 117, 'titleName': 'zwx职称测试'}, {'id': 116, 'titleName': '小周裁判'}], 'total': 26, 'code': 200, 'msg': '查询成功'}
2023-04-07 18:11:09,858 - mylog - INFO - 用例--【查询所有职称】--执行通过
2023-04-07 18:14:39,463 - mylog - INFO - 用例返回：{'msg': '操作成功', 'code': 200, 'token': 'eyJhbGciOiJIUzUxMiJ9.eyJsb2dpbl91c2VyX2tleSI6IjNjMTYxNDU5LWMwMTUtNDA1NC1hYjM1LTg2MTMzZTU4NzJiNCJ9.VyZ06GuQNMxbUhjsy30SVTQOqJnkIg-FdBioUZ3VTjlXb-gwjmwVK5DnkI0zmtvZ7Ae5Q3xbfki_KBrG2DQL5w'}
2023-04-07 18:14:39,463 - mylog - INFO - 用例--【用户登录】--传递了参数【{'token': 'eyJhbGciOiJIUzUxMiJ9.eyJsb2dpbl91c2VyX2tleSI6IjNjMTYxNDU5LWMwMTUtNDA1NC1hYjM1LTg2MTMzZTU4NzJiNCJ9.VyZ06GuQNMxbUhjsy30SVTQOqJnkIg-FdBioUZ3VTjlXb-gwjmwVK5DnkI0zmtvZ7Ae5Q3xbfki_KBrG2DQL5w'}】到下一个接口
2023-04-07 18:14:39,463 - mylog - INFO - 用例--【用户登录】--执行通过
2023-04-07 18:14:39,666 - mylog - INFO - 用例返回：{'rows': [{'id': 125, 'titleName': '咸鱼'}, {'id': 124, 'titleName': '全职猎人'}, {'id': 123, 'titleName': '球王'}, {'id': 122, 'titleName': '邮寄证书职称'}, {'id': 121, 'titleName': '开发测试'}, {'id': 120, 'titleName': '测试重复'}, {'id': 119, 'titleName': '测试'}, {'id': 118, 'titleName': 'test'}, {'id': 117, 'titleName': 'zwx职称测试'}, {'id': 116, 'titleName': '小周裁判'}], 'total': 26, 'code': 200, 'msg': '查询成功'}
2023-04-07 18:14:39,666 - mylog - INFO - 用例--【查询所有职称】--执行通过
2023-04-07 18:14:39,948 - mylog - INFO - 用例返回：{'msg': '操作成功', 'code': 200, 'token': 'eyJhbGciOiJIUzUxMiJ9.eyJsb2dpbl91c2VyX2tleSI6IjQ5Nzg5MDgzLWUzY2MtNDcwMi1iNTUzLWZlNTYxOWJiNTdkZCJ9.kaiYCKYuKZIz8Vp6JVnjyVBc-wLqSZnHQuLreSgNQxUOIMWU0m07L8stJZj3OLtsUg7yojZEEGBxLiBbBB6JCw'}
2023-04-07 18:14:39,948 - mylog - INFO - 用例--【用户登录】--传递了参数【{'token': 'eyJhbGciOiJIUzUxMiJ9.eyJsb2dpbl91c2VyX2tleSI6IjQ5Nzg5MDgzLWUzY2MtNDcwMi1iNTUzLWZlNTYxOWJiNTdkZCJ9.kaiYCKYuKZIz8Vp6JVnjyVBc-wLqSZnHQuLreSgNQxUOIMWU0m07L8stJZj3OLtsUg7yojZEEGBxLiBbBB6JCw'}】到下一个接口
2023-04-07 18:14:39,948 - mylog - INFO - 用例--【用户登录】--执行通过
2023-04-07 18:14:40,150 - mylog - INFO - 用例返回：{'rows': [{'id': 125, 'titleName': '咸鱼'}, {'id': 124, 'titleName': '全职猎人'}, {'id': 123, 'titleName': '球王'}, {'id': 122, 'titleName': '邮寄证书职称'}, {'id': 121, 'titleName': '开发测试'}, {'id': 120, 'titleName': '测试重复'}, {'id': 119, 'titleName': '测试'}, {'id': 118, 'titleName': 'test'}, {'id': 117, 'titleName': 'zwx职称测试'}, {'id': 116, 'titleName': '小周裁判'}], 'total': 26, 'code': 200, 'msg': '查询成功'}
2023-04-07 18:14:40,150 - mylog - INFO - 用例--【查询所有职称】--执行通过
2023-04-07 18:15:14,540 - mylog - INFO - 用例返回：{'msg': '操作成功', 'code': 200, 'token': 'eyJhbGciOiJIUzUxMiJ9.eyJsb2dpbl91c2VyX2tleSI6Ijg0N2NkMzA0LTY5MjItNDE2NS04ODM2LTUxN2IwZTFiMzkzMCJ9.Ol5pm80siR-jSbmxlyp3O0XpV5Q1QokvRMXzE3ymaRQ6RZNcQXwjuCEsVfG3Pvau6CF_QaDeboIzMoz8xEN9vQ'}
2023-04-07 18:15:14,540 - mylog - INFO - 用例--【用户登录】--传递了参数【{'token': 'eyJhbGciOiJIUzUxMiJ9.eyJsb2dpbl91c2VyX2tleSI6Ijg0N2NkMzA0LTY5MjItNDE2NS04ODM2LTUxN2IwZTFiMzkzMCJ9.Ol5pm80siR-jSbmxlyp3O0XpV5Q1QokvRMXzE3ymaRQ6RZNcQXwjuCEsVfG3Pvau6CF_QaDeboIzMoz8xEN9vQ'}】到下一个接口
2023-04-07 18:15:14,540 - mylog - INFO - 用例--【用户登录】--执行通过
2023-04-07 18:15:14,759 - mylog - INFO - 用例返回：{'rows': [{'id': 125, 'titleName': '咸鱼'}, {'id': 124, 'titleName': '全职猎人'}, {'id': 123, 'titleName': '球王'}, {'id': 122, 'titleName': '邮寄证书职称'}, {'id': 121, 'titleName': '开发测试'}, {'id': 120, 'titleName': '测试重复'}, {'id': 119, 'titleName': '测试'}, {'id': 118, 'titleName': 'test'}, {'id': 117, 'titleName': 'zwx职称测试'}, {'id': 116, 'titleName': '小周裁判'}], 'total': 26, 'code': 200, 'msg': '查询成功'}
2023-04-07 18:15:14,759 - mylog - INFO - 用例--【查询所有职称】--执行通过
2023-04-07 18:15:15,071 - mylog - INFO - 用例返回：{'msg': '操作成功', 'code': 200, 'token': 'eyJhbGciOiJIUzUxMiJ9.eyJsb2dpbl91c2VyX2tleSI6IjQ1NWJmNWIyLTdhNTgtNDUyZC04NGZmLTAxNDZkNjE1MjY1MSJ9.WiN2NE_eaORodAhJuizfd7EbMuMSFQoAhkDELDKhx2XRreRld2rzY8Mwc23_9MtoxvwrQoQRl_VdOruyYZMwFg'}
2023-04-07 18:15:15,071 - mylog - INFO - 用例--【用户登录】--传递了参数【{'token': 'eyJhbGciOiJIUzUxMiJ9.eyJsb2dpbl91c2VyX2tleSI6IjQ1NWJmNWIyLTdhNTgtNDUyZC04NGZmLTAxNDZkNjE1MjY1MSJ9.WiN2NE_eaORodAhJuizfd7EbMuMSFQoAhkDELDKhx2XRreRld2rzY8Mwc23_9MtoxvwrQoQRl_VdOruyYZMwFg'}】到下一个接口
2023-04-07 18:15:15,071 - mylog - INFO - 用例--【用户登录】--执行通过
2023-04-07 18:15:15,290 - mylog - INFO - 用例返回：{'rows': [{'id': 125, 'titleName': '咸鱼'}, {'id': 124, 'titleName': '全职猎人'}, {'id': 123, 'titleName': '球王'}, {'id': 122, 'titleName': '邮寄证书职称'}, {'id': 121, 'titleName': '开发测试'}, {'id': 120, 'titleName': '测试重复'}, {'id': 119, 'titleName': '测试'}, {'id': 118, 'titleName': 'test'}, {'id': 117, 'titleName': 'zwx职称测试'}, {'id': 116, 'titleName': '小周裁判'}], 'total': 26, 'code': 200, 'msg': '查询成功'}
2023-04-07 18:15:15,290 - mylog - INFO - 用例--【查询所有职称】--执行通过
2023-04-07 18:16:34,436 - mylog - INFO - 用例返回：{'msg': '操作成功', 'code': 200, 'token': 'eyJhbGciOiJIUzUxMiJ9.eyJsb2dpbl91c2VyX2tleSI6IjdkYWQ3NmNjLTE4ODktNDI5MS1hOTI3LWJiMGZiOGRhMmE0ZiJ9.rXusCamE_k5higtUgNAK9Ktg7KcBX_d1XDHwsYeuLHukzP5leSgztsxihGHvEAShPK4OhrzMKW2SDZ_ppXspDg'}
2023-04-07 18:16:34,436 - mylog - INFO - 用例--【用户登录】--传递了参数【{'token': 'eyJhbGciOiJIUzUxMiJ9.eyJsb2dpbl91c2VyX2tleSI6IjdkYWQ3NmNjLTE4ODktNDI5MS1hOTI3LWJiMGZiOGRhMmE0ZiJ9.rXusCamE_k5higtUgNAK9Ktg7KcBX_d1XDHwsYeuLHukzP5leSgztsxihGHvEAShPK4OhrzMKW2SDZ_ppXspDg'}】到下一个接口
2023-04-07 18:16:34,436 - mylog - INFO - 用例--【用户登录】--执行通过
2023-04-07 18:16:34,639 - mylog - INFO - 用例返回：{'rows': [{'id': 125, 'titleName': '咸鱼'}, {'id': 124, 'titleName': '全职猎人'}, {'id': 123, 'titleName': '球王'}, {'id': 122, 'titleName': '邮寄证书职称'}, {'id': 121, 'titleName': '开发测试'}, {'id': 120, 'titleName': '测试重复'}, {'id': 119, 'titleName': '测试'}, {'id': 118, 'titleName': 'test'}, {'id': 117, 'titleName': 'zwx职称测试'}, {'id': 116, 'titleName': '小周裁判'}], 'total': 26, 'code': 200, 'msg': '查询成功'}
2023-04-07 18:16:34,639 - mylog - INFO - 用例--【查询所有职称】--执行通过
2023-04-07 18:16:34,952 - mylog - INFO - 用例返回：{'msg': '操作成功', 'code': 200, 'token': 'eyJhbGciOiJIUzUxMiJ9.eyJsb2dpbl91c2VyX2tleSI6IjVmMmEzMmIwLTY2ZGEtNDMwYi05MjAyLWNlZmYyNzI0ZDlhNiJ9.SV5l1X9WFORsYrzdxR7xag5lb63EqAMp-60n3vvtpiulVhUsEwnnUR87nndJRFZrXOuHcu2_WDZadGJZp6Qvvw'}
2023-04-07 18:16:34,952 - mylog - INFO - 用例--【用户登录】--传递了参数【{'token': 'eyJhbGciOiJIUzUxMiJ9.eyJsb2dpbl91c2VyX2tleSI6IjVmMmEzMmIwLTY2ZGEtNDMwYi05MjAyLWNlZmYyNzI0ZDlhNiJ9.SV5l1X9WFORsYrzdxR7xag5lb63EqAMp-60n3vvtpiulVhUsEwnnUR87nndJRFZrXOuHcu2_WDZadGJZp6Qvvw'}】到下一个接口
2023-04-07 18:16:34,952 - mylog - INFO - 用例--【用户登录】--执行通过
2023-04-07 18:16:35,175 - mylog - INFO - 用例返回：{'rows': [{'id': 125, 'titleName': '咸鱼'}, {'id': 124, 'titleName': '全职猎人'}, {'id': 123, 'titleName': '球王'}, {'id': 122, 'titleName': '邮寄证书职称'}, {'id': 121, 'titleName': '开发测试'}, {'id': 120, 'titleName': '测试重复'}, {'id': 119, 'titleName': '测试'}, {'id': 118, 'titleName': 'test'}, {'id': 117, 'titleName': 'zwx职称测试'}, {'id': 116, 'titleName': '小周裁判'}], 'total': 26, 'code': 200, 'msg': '查询成功'}
2023-04-07 18:16:35,175 - mylog - INFO - 用例--【查询所有职称】--执行通过
2023-04-07 18:19:58,190 - mylog - INFO - 用例返回：{'msg': '操作成功', 'code': 200, 'token': 'eyJhbGciOiJIUzUxMiJ9.eyJsb2dpbl91c2VyX2tleSI6IjgxMjgzMTcxLWMwZmItNDhjMy04ODhmLThhNjk0NzRjOGI5ZiJ9.DAVoCc5pwz7KOK3g7exPUrZyaY2-3xg4-6sTzs6fQq71UGaJbSKFp9Bt_lbDzLvMTpeF2B0Ogvwn9IFg5gpHYw'}
2023-04-07 18:19:58,190 - mylog - INFO - 用例--【用户登录】--传递了参数【{'token': 'eyJhbGciOiJIUzUxMiJ9.eyJsb2dpbl91c2VyX2tleSI6IjgxMjgzMTcxLWMwZmItNDhjMy04ODhmLThhNjk0NzRjOGI5ZiJ9.DAVoCc5pwz7KOK3g7exPUrZyaY2-3xg4-6sTzs6fQq71UGaJbSKFp9Bt_lbDzLvMTpeF2B0Ogvwn9IFg5gpHYw'}】到下一个接口
2023-04-07 18:19:58,190 - mylog - INFO - 用例--【用户登录】--执行通过
2023-04-07 18:19:58,418 - mylog - INFO - 用例返回：{'rows': [{'id': 125, 'titleName': '咸鱼'}, {'id': 124, 'titleName': '全职猎人'}, {'id': 123, 'titleName': '球王'}, {'id': 122, 'titleName': '邮寄证书职称'}, {'id': 121, 'titleName': '开发测试'}, {'id': 120, 'titleName': '测试重复'}, {'id': 119, 'titleName': '测试'}, {'id': 118, 'titleName': 'test'}, {'id': 117, 'titleName': 'zwx职称测试'}, {'id': 116, 'titleName': '小周裁判'}], 'total': 26, 'code': 200, 'msg': '查询成功'}
2023-04-07 18:19:58,418 - mylog - INFO - 用例--【查询所有职称】--执行通过
2023-04-07 18:19:58,735 - mylog - INFO - 用例返回：{'msg': '操作成功', 'code': 200, 'token': 'eyJhbGciOiJIUzUxMiJ9.eyJsb2dpbl91c2VyX2tleSI6IjU0ZDMxMzcyLTlkZjMtNGQ1YS1hZjY1LTU5NzkyYWZiZjNmYSJ9.jy5-22GNyOgFjEAPUi1eSAXwUQ8xKEzafKXB6fmd1Z8pCsLZaKlpWMUoFja23FaTpVSkutERrQ6TR8Gzjz4kcg'}
2023-04-07 18:19:58,735 - mylog - INFO - 用例--【用户登录】--传递了参数【{'token': 'eyJhbGciOiJIUzUxMiJ9.eyJsb2dpbl91c2VyX2tleSI6IjU0ZDMxMzcyLTlkZjMtNGQ1YS1hZjY1LTU5NzkyYWZiZjNmYSJ9.jy5-22GNyOgFjEAPUi1eSAXwUQ8xKEzafKXB6fmd1Z8pCsLZaKlpWMUoFja23FaTpVSkutERrQ6TR8Gzjz4kcg'}】到下一个接口
2023-04-07 18:19:58,735 - mylog - INFO - 用例--【用户登录】--执行通过
2023-04-07 18:19:58,929 - mylog - INFO - 用例返回：{'rows': [{'id': 125, 'titleName': '咸鱼'}, {'id': 124, 'titleName': '全职猎人'}, {'id': 123, 'titleName': '球王'}, {'id': 122, 'titleName': '邮寄证书职称'}, {'id': 121, 'titleName': '开发测试'}, {'id': 120, 'titleName': '测试重复'}, {'id': 119, 'titleName': '测试'}, {'id': 118, 'titleName': 'test'}, {'id': 117, 'titleName': 'zwx职称测试'}, {'id': 116, 'titleName': '小周裁判'}], 'total': 26, 'code': 200, 'msg': '查询成功'}
2023-04-07 18:19:58,944 - mylog - INFO - 用例--【查询所有职称】--执行通过
2023-04-07 18:21:01,502 - mylog - INFO - 用例返回：{'msg': '操作成功', 'code': 200, 'token': 'eyJhbGciOiJIUzUxMiJ9.eyJsb2dpbl91c2VyX2tleSI6IjkxZjA1OWJmLTU1NzgtNDcyNC1iMmY3LTQwZmZkZWE4ZjJhNiJ9.47QHv_sY9v-R5ckW3wPFSImFNeiT51ctH_01S5Boug7LMILFZIw_mKUc7Ya2kYoWLUAvlC_TdimasFRxzlA0MA'}
2023-04-07 18:21:01,502 - mylog - INFO - 用例--【用户登录】--传递了参数【{'token': 'eyJhbGciOiJIUzUxMiJ9.eyJsb2dpbl91c2VyX2tleSI6IjkxZjA1OWJmLTU1NzgtNDcyNC1iMmY3LTQwZmZkZWE4ZjJhNiJ9.47QHv_sY9v-R5ckW3wPFSImFNeiT51ctH_01S5Boug7LMILFZIw_mKUc7Ya2kYoWLUAvlC_TdimasFRxzlA0MA'}】到下一个接口
2023-04-07 18:21:01,503 - mylog - INFO - 用例--【用户登录】--执行通过
2023-04-07 18:21:01,764 - mylog - INFO - 用例返回：{'rows': [{'id': 125, 'titleName': '咸鱼'}, {'id': 124, 'titleName': '全职猎人'}, {'id': 123, 'titleName': '球王'}, {'id': 122, 'titleName': '邮寄证书职称'}, {'id': 121, 'titleName': '开发测试'}, {'id': 120, 'titleName': '测试重复'}, {'id': 119, 'titleName': '测试'}, {'id': 118, 'titleName': 'test'}, {'id': 117, 'titleName': 'zwx职称测试'}, {'id': 116, 'titleName': '小周裁判'}], 'total': 26, 'code': 200, 'msg': '查询成功'}
2023-04-07 18:21:01,764 - mylog - INFO - 用例--【查询所有职称】--执行通过
2023-04-07 18:21:02,081 - mylog - INFO - 用例返回：{'msg': '操作成功', 'code': 200, 'token': 'eyJhbGciOiJIUzUxMiJ9.eyJsb2dpbl91c2VyX2tleSI6IjRmNTljN2IwLTI0NjYtNGFkZC1hNGY5LWM4YTNjMTMwNmE0OSJ9.PTa3uswE0hFJuHqBA7HUP-0Ilq3JNWS2aDYmSfQhWky4KVSRP8yQA7lrhiLpbSYeD_mRfjMrm1Uy31QDJtBZvw'}
2023-04-07 18:21:02,081 - mylog - INFO - 用例--【用户登录】--传递了参数【{'token': 'eyJhbGciOiJIUzUxMiJ9.eyJsb2dpbl91c2VyX2tleSI6IjRmNTljN2IwLTI0NjYtNGFkZC1hNGY5LWM4YTNjMTMwNmE0OSJ9.PTa3uswE0hFJuHqBA7HUP-0Ilq3JNWS2aDYmSfQhWky4KVSRP8yQA7lrhiLpbSYeD_mRfjMrm1Uy31QDJtBZvw'}】到下一个接口
2023-04-07 18:21:02,081 - mylog - INFO - 用例--【用户登录】--执行通过
2023-04-07 18:21:02,284 - mylog - INFO - 用例返回：{'rows': [{'id': 125, 'titleName': '咸鱼'}, {'id': 124, 'titleName': '全职猎人'}, {'id': 123, 'titleName': '球王'}, {'id': 122, 'titleName': '邮寄证书职称'}, {'id': 121, 'titleName': '开发测试'}, {'id': 120, 'titleName': '测试重复'}, {'id': 119, 'titleName': '测试'}, {'id': 118, 'titleName': 'test'}, {'id': 117, 'titleName': 'zwx职称测试'}, {'id': 116, 'titleName': '小周裁判'}], 'total': 26, 'code': 200, 'msg': '查询成功'}
2023-04-07 18:21:02,284 - mylog - INFO - 用例--【查询所有职称】--执行通过
2023-04-07 18:22:41,830 - mylog - INFO - 用例返回：{'msg': '操作成功', 'code': 200, 'token': 'eyJhbGciOiJIUzUxMiJ9.eyJsb2dpbl91c2VyX2tleSI6IjFmZjk5MGM0LTZmYzctNDljZi1iMThkLWQ0MTQzOWQ1YzkwMyJ9.4sqyBNUldSb_6IvYVvwvZcg9r2isksLp9UXqi-eAomz714NUO8lFpqAjtJl92987B6WuMGDXROE4dcaa2la4xw'}
2023-04-07 18:22:41,830 - mylog - INFO - 用例--【用户登录】--传递了参数【{'token': 'eyJhbGciOiJIUzUxMiJ9.eyJsb2dpbl91c2VyX2tleSI6IjFmZjk5MGM0LTZmYzctNDljZi1iMThkLWQ0MTQzOWQ1YzkwMyJ9.4sqyBNUldSb_6IvYVvwvZcg9r2isksLp9UXqi-eAomz714NUO8lFpqAjtJl92987B6WuMGDXROE4dcaa2la4xw'}】到下一个接口
2023-04-07 18:22:41,830 - mylog - INFO - 用例--【用户登录】--执行通过
2023-04-07 18:22:42,018 - mylog - INFO - 用例返回：{'rows': [{'id': 125, 'titleName': '咸鱼'}, {'id': 124, 'titleName': '全职猎人'}, {'id': 123, 'titleName': '球王'}, {'id': 122, 'titleName': '邮寄证书职称'}, {'id': 121, 'titleName': '开发测试'}, {'id': 120, 'titleName': '测试重复'}, {'id': 119, 'titleName': '测试'}, {'id': 118, 'titleName': 'test'}, {'id': 117, 'titleName': 'zwx职称测试'}, {'id': 116, 'titleName': '小周裁判'}], 'total': 26, 'code': 200, 'msg': '查询成功'}
2023-04-07 18:22:42,018 - mylog - INFO - 用例--【查询所有职称】--执行通过
2023-04-07 18:22:42,315 - mylog - INFO - 用例返回：{'msg': '操作成功', 'code': 200, 'token': 'eyJhbGciOiJIUzUxMiJ9.eyJsb2dpbl91c2VyX2tleSI6IjExMjJkYTBlLWU3NjAtNGUzOS1iYzZiLWQ1MmQwYjY4Yzc4NSJ9.SYK2yj2NLzdkgELlkzF8Ch05yQ7ZXf8hyMiRzqrRhQ4MtIhbz47wbcslmrMeyy3gXpCIIMB_0qP9Tl6X3Mxu-w'}
2023-04-07 18:22:42,315 - mylog - INFO - 用例--【用户登录】--传递了参数【{'token': 'eyJhbGciOiJIUzUxMiJ9.eyJsb2dpbl91c2VyX2tleSI6IjExMjJkYTBlLWU3NjAtNGUzOS1iYzZiLWQ1MmQwYjY4Yzc4NSJ9.SYK2yj2NLzdkgELlkzF8Ch05yQ7ZXf8hyMiRzqrRhQ4MtIhbz47wbcslmrMeyy3gXpCIIMB_0qP9Tl6X3Mxu-w'}】到下一个接口
2023-04-07 18:22:42,315 - mylog - INFO - 用例--【用户登录】--执行通过
2023-04-07 18:22:42,502 - mylog - INFO - 用例返回：{'rows': [{'id': 125, 'titleName': '咸鱼'}, {'id': 124, 'titleName': '全职猎人'}, {'id': 123, 'titleName': '球王'}, {'id': 122, 'titleName': '邮寄证书职称'}, {'id': 121, 'titleName': '开发测试'}, {'id': 120, 'titleName': '测试重复'}, {'id': 119, 'titleName': '测试'}, {'id': 118, 'titleName': 'test'}, {'id': 117, 'titleName': 'zwx职称测试'}, {'id': 116, 'titleName': '小周裁判'}], 'total': 26, 'code': 200, 'msg': '查询成功'}
2023-04-07 18:22:42,502 - mylog - INFO - 用例--【查询所有职称】--执行通过
2023-04-07 18:22:59,552 - mylog - INFO - 用例返回：{'msg': '操作成功', 'code': 200, 'token': 'eyJhbGciOiJIUzUxMiJ9.eyJsb2dpbl91c2VyX2tleSI6IjAwNzNmNmI5LTcyNTAtNDUyZi1hMDJiLWVjODQxZjIwNDc3MyJ9.eKqLMQF8OT0c31ZoW7bX4MN-5xjcIVcErshlb8IUnFhhjukzpQvC97Yt2aF1sA5gAeXUGhplzTrrPfsfgy-2ug'}
2023-04-07 18:22:59,552 - mylog - INFO - 用例--【用户登录】--传递了参数【{'token': 'eyJhbGciOiJIUzUxMiJ9.eyJsb2dpbl91c2VyX2tleSI6IjAwNzNmNmI5LTcyNTAtNDUyZi1hMDJiLWVjODQxZjIwNDc3MyJ9.eKqLMQF8OT0c31ZoW7bX4MN-5xjcIVcErshlb8IUnFhhjukzpQvC97Yt2aF1sA5gAeXUGhplzTrrPfsfgy-2ug'}】到下一个接口
2023-04-07 18:22:59,552 - mylog - INFO - 用例--【用户登录】--执行通过
2023-04-07 18:22:59,755 - mylog - INFO - 用例返回：{'rows': [{'id': 125, 'titleName': '咸鱼'}, {'id': 124, 'titleName': '全职猎人'}, {'id': 123, 'titleName': '球王'}, {'id': 122, 'titleName': '邮寄证书职称'}, {'id': 121, 'titleName': '开发测试'}, {'id': 120, 'titleName': '测试重复'}, {'id': 119, 'titleName': '测试'}, {'id': 118, 'titleName': 'test'}, {'id': 117, 'titleName': 'zwx职称测试'}, {'id': 116, 'titleName': '小周裁判'}], 'total': 26, 'code': 200, 'msg': '查询成功'}
2023-04-07 18:22:59,755 - mylog - INFO - 用例--【查询所有职称】--执行通过
2023-04-07 18:23:00,052 - mylog - INFO - 用例返回：{'msg': '操作成功', 'code': 200, 'token': 'eyJhbGciOiJIUzUxMiJ9.eyJsb2dpbl91c2VyX2tleSI6ImNkOGUxNzIwLWM4MDAtNDJmOC1hYzMyLTM3YmE5NjFiN2QwMSJ9.JzxAi5FBK-zpRYP2yWIG9gFVl5To-qqqv76hINNFrsglftYXYHBWeT5GQmYtUAOk9622USIrl_bGEd8fFwTQNw'}
2023-04-07 18:23:00,052 - mylog - INFO - 用例--【用户登录】--传递了参数【{'token': 'eyJhbGciOiJIUzUxMiJ9.eyJsb2dpbl91c2VyX2tleSI6ImNkOGUxNzIwLWM4MDAtNDJmOC1hYzMyLTM3YmE5NjFiN2QwMSJ9.JzxAi5FBK-zpRYP2yWIG9gFVl5To-qqqv76hINNFrsglftYXYHBWeT5GQmYtUAOk9622USIrl_bGEd8fFwTQNw'}】到下一个接口
2023-04-07 18:23:00,052 - mylog - INFO - 用例--【用户登录】--执行通过
2023-04-07 18:23:00,240 - mylog - INFO - 用例返回：{'rows': [{'id': 125, 'titleName': '咸鱼'}, {'id': 124, 'titleName': '全职猎人'}, {'id': 123, 'titleName': '球王'}, {'id': 122, 'titleName': '邮寄证书职称'}, {'id': 121, 'titleName': '开发测试'}, {'id': 120, 'titleName': '测试重复'}, {'id': 119, 'titleName': '测试'}, {'id': 118, 'titleName': 'test'}, {'id': 117, 'titleName': 'zwx职称测试'}, {'id': 116, 'titleName': '小周裁判'}], 'total': 26, 'code': 200, 'msg': '查询成功'}
2023-04-07 18:23:00,240 - mylog - INFO - 用例--【查询所有职称】--执行通过
2023-04-07 18:32:05,712 - mylog - INFO - 用例返回：{'msg': '操作成功', 'code': 200, 'token': 'eyJhbGciOiJIUzUxMiJ9.eyJsb2dpbl91c2VyX2tleSI6ImQ4MDQ4N2NkLWVhODYtNDRhMS1hOGRiLWUxN2QwYmFmMTlmZSJ9.Np9cmYBakFhOuS90a1EL_2teRxBoQfXkxTPNJGZgJI5dIOO2naCHIcjb5qgttZ1LFgGREbYbbuKFWHVx8z8pzg'}
2023-04-07 18:32:05,712 - mylog - INFO - 用例--【用户登录】--传递了参数【{'token': 'eyJhbGciOiJIUzUxMiJ9.eyJsb2dpbl91c2VyX2tleSI6ImQ4MDQ4N2NkLWVhODYtNDRhMS1hOGRiLWUxN2QwYmFmMTlmZSJ9.Np9cmYBakFhOuS90a1EL_2teRxBoQfXkxTPNJGZgJI5dIOO2naCHIcjb5qgttZ1LFgGREbYbbuKFWHVx8z8pzg'}】到下一个接口
2023-04-07 18:32:05,712 - mylog - INFO - 用例--【用户登录】--执行通过
2023-04-07 18:32:05,915 - mylog - INFO - 用例返回：{'rows': [{'id': 125, 'titleName': '咸鱼'}, {'id': 124, 'titleName': '全职猎人'}, {'id': 123, 'titleName': '球王'}, {'id': 122, 'titleName': '邮寄证书职称'}, {'id': 121, 'titleName': '开发测试'}, {'id': 120, 'titleName': '测试重复'}, {'id': 119, 'titleName': '测试'}, {'id': 118, 'titleName': 'test'}, {'id': 117, 'titleName': 'zwx职称测试'}, {'id': 116, 'titleName': '小周裁判'}], 'total': 26, 'code': 200, 'msg': '查询成功'}
2023-04-07 18:32:05,915 - mylog - INFO - 用例--【查询所有职称】--执行通过
2023-04-07 18:32:06,196 - mylog - INFO - 用例返回：{'msg': '操作成功', 'code': 200, 'token': 'eyJhbGciOiJIUzUxMiJ9.eyJsb2dpbl91c2VyX2tleSI6ImEzZjNmMjI4LTllNTctNDYzZi04Y2JkLTJiZDFmODUwYTlkZiJ9.17uF0_2ykPPxbVMlfmPhZJ1Anhg-u_rHWaTxK62O_IH2ae_Mxj3RXGLKKNev74UrO8traBIv95vBkLVNDCLSyw'}
2023-04-07 18:32:06,196 - mylog - INFO - 用例--【用户登录】--传递了参数【{'token': 'eyJhbGciOiJIUzUxMiJ9.eyJsb2dpbl91c2VyX2tleSI6ImEzZjNmMjI4LTllNTctNDYzZi04Y2JkLTJiZDFmODUwYTlkZiJ9.17uF0_2ykPPxbVMlfmPhZJ1Anhg-u_rHWaTxK62O_IH2ae_Mxj3RXGLKKNev74UrO8traBIv95vBkLVNDCLSyw'}】到下一个接口
2023-04-07 18:32:06,196 - mylog - INFO - 用例--【用户登录】--执行通过
2023-04-07 18:32:06,400 - mylog - INFO - 用例返回：{'rows': [{'id': 125, 'titleName': '咸鱼'}, {'id': 124, 'titleName': '全职猎人'}, {'id': 123, 'titleName': '球王'}, {'id': 122, 'titleName': '邮寄证书职称'}, {'id': 121, 'titleName': '开发测试'}, {'id': 120, 'titleName': '测试重复'}, {'id': 119, 'titleName': '测试'}, {'id': 118, 'titleName': 'test'}, {'id': 117, 'titleName': 'zwx职称测试'}, {'id': 116, 'titleName': '小周裁判'}], 'total': 26, 'code': 200, 'msg': '查询成功'}
2023-04-07 18:32:06,400 - mylog - INFO - 用例--【查询所有职称】--执行通过
2023-04-07 18:32:37,046 - mylog - INFO - 用例返回：{'msg': '操作成功', 'code': 200, 'token': 'eyJhbGciOiJIUzUxMiJ9.eyJsb2dpbl91c2VyX2tleSI6ImNjOGZhNGZkLTVlMjYtNDRmZi04YzMwLWMxM2Y1MzhkNTg3NyJ9.wjn7iJYrxdjxHA285sFyWcl2jMwDLrgBViOGrJ7974xg0F1ZSj_j1UtEufs-x_PRsQAmxiP9atDXg9ZKkVwwsA'}
2023-04-07 18:32:37,046 - mylog - INFO - 用例--【用户登录】--传递了参数【{'token': 'eyJhbGciOiJIUzUxMiJ9.eyJsb2dpbl91c2VyX2tleSI6ImNjOGZhNGZkLTVlMjYtNDRmZi04YzMwLWMxM2Y1MzhkNTg3NyJ9.wjn7iJYrxdjxHA285sFyWcl2jMwDLrgBViOGrJ7974xg0F1ZSj_j1UtEufs-x_PRsQAmxiP9atDXg9ZKkVwwsA'}】到下一个接口
2023-04-07 18:32:37,046 - mylog - INFO - 用例--【用户登录】--执行通过
2023-04-07 18:32:37,234 - mylog - INFO - 用例返回：{'rows': [{'id': 125, 'titleName': '咸鱼'}, {'id': 124, 'titleName': '全职猎人'}, {'id': 123, 'titleName': '球王'}, {'id': 122, 'titleName': '邮寄证书职称'}, {'id': 121, 'titleName': '开发测试'}, {'id': 120, 'titleName': '测试重复'}, {'id': 119, 'titleName': '测试'}, {'id': 118, 'titleName': 'test'}, {'id': 117, 'titleName': 'zwx职称测试'}, {'id': 116, 'titleName': '小周裁判'}], 'total': 26, 'code': 200, 'msg': '查询成功'}
2023-04-07 18:32:37,234 - mylog - INFO - 用例--【查询所有职称】--执行通过
2023-04-07 18:32:37,531 - mylog - INFO - 用例返回：{'msg': '操作成功', 'code': 200, 'token': 'eyJhbGciOiJIUzUxMiJ9.eyJsb2dpbl91c2VyX2tleSI6Ijg2YzNkY2Y5LThjMzctNGM0MS1hM2M5LTVlNDRmNDY0ZjAyNiJ9.sA2y6eK51osQxCvytgIgh2M54aVMSmt3O14OHq1gV_l-LJYwEGswNALauI45HIHgIvLnyN7sZPaZ8bv7_X_4hA'}
2023-04-07 18:32:37,531 - mylog - INFO - 用例--【用户登录】--传递了参数【{'token': 'eyJhbGciOiJIUzUxMiJ9.eyJsb2dpbl91c2VyX2tleSI6Ijg2YzNkY2Y5LThjMzctNGM0MS1hM2M5LTVlNDRmNDY0ZjAyNiJ9.sA2y6eK51osQxCvytgIgh2M54aVMSmt3O14OHq1gV_l-LJYwEGswNALauI45HIHgIvLnyN7sZPaZ8bv7_X_4hA'}】到下一个接口
2023-04-07 18:32:37,531 - mylog - INFO - 用例--【用户登录】--执行通过
2023-04-07 18:32:37,718 - mylog - INFO - 用例返回：{'rows': [{'id': 125, 'titleName': '咸鱼'}, {'id': 124, 'titleName': '全职猎人'}, {'id': 123, 'titleName': '球王'}, {'id': 122, 'titleName': '邮寄证书职称'}, {'id': 121, 'titleName': '开发测试'}, {'id': 120, 'titleName': '测试重复'}, {'id': 119, 'titleName': '测试'}, {'id': 118, 'titleName': 'test'}, {'id': 117, 'titleName': 'zwx职称测试'}, {'id': 116, 'titleName': '小周裁判'}], 'total': 26, 'code': 200, 'msg': '查询成功'}
2023-04-07 18:32:37,718 - mylog - INFO - 用例--【查询所有职称】--执行通过
2023-04-07 18:33:35,080 - mylog - INFO - 用例返回：{'msg': '操作成功', 'code': 200, 'token': 'eyJhbGciOiJIUzUxMiJ9.eyJsb2dpbl91c2VyX2tleSI6IjUxNDU1YTE5LTZiMDAtNGMwMC1hNzM3LWZiMzU4YjljNjU4NyJ9.ZCuneLrGd5LxUkNMTiN0U__R8npkfVP2lJu38B2rJPZeeyQSzQwOJROEmoZgkyCsXVH8c-E_CpVoxg1LJKwrDQ'}
2023-04-07 18:33:35,080 - mylog - INFO - 用例--【用户登录】--传递了参数【{'token': 'eyJhbGciOiJIUzUxMiJ9.eyJsb2dpbl91c2VyX2tleSI6IjUxNDU1YTE5LTZiMDAtNGMwMC1hNzM3LWZiMzU4YjljNjU4NyJ9.ZCuneLrGd5LxUkNMTiN0U__R8npkfVP2lJu38B2rJPZeeyQSzQwOJROEmoZgkyCsXVH8c-E_CpVoxg1LJKwrDQ'}】到下一个接口
2023-04-07 18:33:35,080 - mylog - INFO - 用例--【用户登录】--执行通过
2023-04-07 18:33:35,314 - mylog - INFO - 用例返回：{'rows': [{'id': 125, 'titleName': '咸鱼'}, {'id': 124, 'titleName': '全职猎人'}, {'id': 123, 'titleName': '球王'}, {'id': 122, 'titleName': '邮寄证书职称'}, {'id': 121, 'titleName': '开发测试'}, {'id': 120, 'titleName': '测试重复'}, {'id': 119, 'titleName': '测试'}, {'id': 118, 'titleName': 'test'}, {'id': 117, 'titleName': 'zwx职称测试'}, {'id': 116, 'titleName': '小周裁判'}], 'total': 26, 'code': 200, 'msg': '查询成功'}
2023-04-07 18:33:35,314 - mylog - INFO - 用例--【查询所有职称】--执行通过
2023-04-07 18:33:35,611 - mylog - INFO - 用例返回：{'msg': '操作成功', 'code': 200, 'token': 'eyJhbGciOiJIUzUxMiJ9.eyJsb2dpbl91c2VyX2tleSI6IjA3Zjk1NTAyLTlkZDQtNDA1NC04YjE0LWEzOWI3MDYwNzAzNCJ9.pHTz2WWRPu0BFwjv93v2HMYV7bcBi1eOG041FhBXYAfYZ2IO-xVK4KhWtlbYMOWe3FxbYSYWjw0r-ESUjuTj3Q'}
2023-04-07 18:33:35,611 - mylog - INFO - 用例--【用户登录】--传递了参数【{'token': 'eyJhbGciOiJIUzUxMiJ9.eyJsb2dpbl91c2VyX2tleSI6IjA3Zjk1NTAyLTlkZDQtNDA1NC04YjE0LWEzOWI3MDYwNzAzNCJ9.pHTz2WWRPu0BFwjv93v2HMYV7bcBi1eOG041FhBXYAfYZ2IO-xVK4KhWtlbYMOWe3FxbYSYWjw0r-ESUjuTj3Q'}】到下一个接口
2023-04-07 18:33:35,611 - mylog - INFO - 用例--【用户登录】--执行通过
2023-04-07 18:33:35,798 - mylog - INFO - 用例返回：{'rows': [{'id': 125, 'titleName': '咸鱼'}, {'id': 124, 'titleName': '全职猎人'}, {'id': 123, 'titleName': '球王'}, {'id': 122, 'titleName': '邮寄证书职称'}, {'id': 121, 'titleName': '开发测试'}, {'id': 120, 'titleName': '测试重复'}, {'id': 119, 'titleName': '测试'}, {'id': 118, 'titleName': 'test'}, {'id': 117, 'titleName': 'zwx职称测试'}, {'id': 116, 'titleName': '小周裁判'}], 'total': 26, 'code': 200, 'msg': '查询成功'}
2023-04-07 18:33:35,798 - mylog - INFO - 用例--【查询所有职称】--执行通过
2023-04-07 18:33:48,120 - mylog - INFO - 用例返回：{'msg': '操作成功', 'code': 200, 'token': 'eyJhbGciOiJIUzUxMiJ9.eyJsb2dpbl91c2VyX2tleSI6IjExM2M5NDQyLTQ0ZmMtNDFlOC1iZDQxLWU2YWU1Y2RmZmQ5OCJ9.9zS8lVI0oJmjYHDh3DoMnvJrFzRIxdiuo-2c8Uv-rHNWSY14r0NB3Ez_cmPLc-nFtkhGKlXkDrGLyp4N9CIQcw'}
2023-04-07 18:33:48,120 - mylog - INFO - 用例--【用户登录】--传递了参数【{'token': 'eyJhbGciOiJIUzUxMiJ9.eyJsb2dpbl91c2VyX2tleSI6IjExM2M5NDQyLTQ0ZmMtNDFlOC1iZDQxLWU2YWU1Y2RmZmQ5OCJ9.9zS8lVI0oJmjYHDh3DoMnvJrFzRIxdiuo-2c8Uv-rHNWSY14r0NB3Ez_cmPLc-nFtkhGKlXkDrGLyp4N9CIQcw'}】到下一个接口
2023-04-07 18:33:48,120 - mylog - INFO - 用例--【用户登录】--执行通过
2023-04-07 18:33:48,323 - mylog - INFO - 用例返回：{'rows': [{'id': 125, 'titleName': '咸鱼'}, {'id': 124, 'titleName': '全职猎人'}, {'id': 123, 'titleName': '球王'}, {'id': 122, 'titleName': '邮寄证书职称'}, {'id': 121, 'titleName': '开发测试'}, {'id': 120, 'titleName': '测试重复'}, {'id': 119, 'titleName': '测试'}, {'id': 118, 'titleName': 'test'}, {'id': 117, 'titleName': 'zwx职称测试'}, {'id': 116, 'titleName': '小周裁判'}], 'total': 26, 'code': 200, 'msg': '查询成功'}
2023-04-07 18:33:48,323 - mylog - INFO - 用例--【查询所有职称】--执行通过
2023-04-07 18:33:48,620 - mylog - INFO - 用例返回：{'msg': '操作成功', 'code': 200, 'token': 'eyJhbGciOiJIUzUxMiJ9.eyJsb2dpbl91c2VyX2tleSI6ImY3MzM2NjI3LWJlY2EtNDQzZC1iMmQ5LTllZWI3N2EzZGRjYiJ9.HNTcpQiB0g8jUfAc5-VWZy_M53kK7yt6xKHZwvlrx409x4KV3z50O5L_RGWEdE8b8Y9Q5lAnbRipe1c-wQautA'}
2023-04-07 18:33:48,620 - mylog - INFO - 用例--【用户登录】--传递了参数【{'token': 'eyJhbGciOiJIUzUxMiJ9.eyJsb2dpbl91c2VyX2tleSI6ImY3MzM2NjI3LWJlY2EtNDQzZC1iMmQ5LTllZWI3N2EzZGRjYiJ9.HNTcpQiB0g8jUfAc5-VWZy_M53kK7yt6xKHZwvlrx409x4KV3z50O5L_RGWEdE8b8Y9Q5lAnbRipe1c-wQautA'}】到下一个接口
2023-04-07 18:33:48,620 - mylog - INFO - 用例--【用户登录】--执行通过
2023-04-07 18:33:48,807 - mylog - INFO - 用例返回：{'rows': [{'id': 125, 'titleName': '咸鱼'}, {'id': 124, 'titleName': '全职猎人'}, {'id': 123, 'titleName': '球王'}, {'id': 122, 'titleName': '邮寄证书职称'}, {'id': 121, 'titleName': '开发测试'}, {'id': 120, 'titleName': '测试重复'}, {'id': 119, 'titleName': '测试'}, {'id': 118, 'titleName': 'test'}, {'id': 117, 'titleName': 'zwx职称测试'}, {'id': 116, 'titleName': '小周裁判'}], 'total': 26, 'code': 200, 'msg': '查询成功'}
2023-04-07 18:33:48,807 - mylog - INFO - 用例--【查询所有职称】--执行通过
2023-04-07 18:34:16,065 - mylog - INFO - 用例返回：{'msg': '操作成功', 'code': 200, 'token': 'eyJhbGciOiJIUzUxMiJ9.eyJsb2dpbl91c2VyX2tleSI6ImMwMmQyMzBmLTZhNGUtNDg5ZS1hYWNiLWU4YjJkODg1OGYyMSJ9.8tCyWuxWHm3nXtYvgnEdxYOTRSJZq1OMGbP5Ejg14ejISxFw6waIOiBJ80hOh7l-edhYCI7lbXIPbPsHE5Ps3A'}
2023-04-07 18:34:16,065 - mylog - INFO - 用例--【用户登录】--传递了参数【{'token': 'eyJhbGciOiJIUzUxMiJ9.eyJsb2dpbl91c2VyX2tleSI6ImMwMmQyMzBmLTZhNGUtNDg5ZS1hYWNiLWU4YjJkODg1OGYyMSJ9.8tCyWuxWHm3nXtYvgnEdxYOTRSJZq1OMGbP5Ejg14ejISxFw6waIOiBJ80hOh7l-edhYCI7lbXIPbPsHE5Ps3A'}】到下一个接口
2023-04-07 18:34:16,065 - mylog - INFO - 用例--【用户登录】--执行通过
2023-04-07 18:34:16,268 - mylog - INFO - 用例返回：{'rows': [{'id': 125, 'titleName': '咸鱼'}, {'id': 124, 'titleName': '全职猎人'}, {'id': 123, 'titleName': '球王'}, {'id': 122, 'titleName': '邮寄证书职称'}, {'id': 121, 'titleName': '开发测试'}, {'id': 120, 'titleName': '测试重复'}, {'id': 119, 'titleName': '测试'}, {'id': 118, 'titleName': 'test'}, {'id': 117, 'titleName': 'zwx职称测试'}, {'id': 116, 'titleName': '小周裁判'}], 'total': 26, 'code': 200, 'msg': '查询成功'}
2023-04-07 18:34:16,268 - mylog - INFO - 用例--【查询所有职称】--执行通过
2023-04-07 18:34:16,551 - mylog - INFO - 用例返回：{'msg': '操作成功', 'code': 200, 'token': 'eyJhbGciOiJIUzUxMiJ9.eyJsb2dpbl91c2VyX2tleSI6IjljZjU4ZWQ3LTY1ZjYtNDQ3My1iODJhLWUwMzM2MjgwYTg4ZSJ9.2y2IBDHq4au5Dgq2hFc-bnVGUIzQuIQ15aR8-ze4Lok7eJ3i1p_eXfdHFO6bYWvECX4XxGSzKrz5razmcKANXA'}
2023-04-07 18:34:16,551 - mylog - INFO - 用例--【用户登录】--传递了参数【{'token': 'eyJhbGciOiJIUzUxMiJ9.eyJsb2dpbl91c2VyX2tleSI6IjljZjU4ZWQ3LTY1ZjYtNDQ3My1iODJhLWUwMzM2MjgwYTg4ZSJ9.2y2IBDHq4au5Dgq2hFc-bnVGUIzQuIQ15aR8-ze4Lok7eJ3i1p_eXfdHFO6bYWvECX4XxGSzKrz5razmcKANXA'}】到下一个接口
2023-04-07 18:34:16,551 - mylog - INFO - 用例--【用户登录】--执行通过
2023-04-07 18:34:16,755 - mylog - INFO - 用例返回：{'rows': [{'id': 125, 'titleName': '咸鱼'}, {'id': 124, 'titleName': '全职猎人'}, {'id': 123, 'titleName': '球王'}, {'id': 122, 'titleName': '邮寄证书职称'}, {'id': 121, 'titleName': '开发测试'}, {'id': 120, 'titleName': '测试重复'}, {'id': 119, 'titleName': '测试'}, {'id': 118, 'titleName': 'test'}, {'id': 117, 'titleName': 'zwx职称测试'}, {'id': 116, 'titleName': '小周裁判'}], 'total': 26, 'code': 200, 'msg': '查询成功'}
2023-04-07 18:34:16,755 - mylog - INFO - 用例--【查询所有职称】--执行通过
2023-04-07 18:34:46,641 - mylog - INFO - 用例返回：{'msg': '操作成功', 'code': 200, 'token': 'eyJhbGciOiJIUzUxMiJ9.eyJsb2dpbl91c2VyX2tleSI6IjBjYTJhOWZkLTg5YWUtNGQ0ZC1iZmZkLTA2MmJhYTZmZjgzMyJ9.qu1r-VuB9yF3FfFCDwhoJWamdEM7ZQUbktS8-yolv8xr17iJ86mMwYrVhANvFYg2Awx4NeeOVPkRYrVV8ZTlwQ'}
2023-04-07 18:34:46,657 - mylog - INFO - 用例--【用户登录】--传递了参数【{'token': 'eyJhbGciOiJIUzUxMiJ9.eyJsb2dpbl91c2VyX2tleSI6IjBjYTJhOWZkLTg5YWUtNGQ0ZC1iZmZkLTA2MmJhYTZmZjgzMyJ9.qu1r-VuB9yF3FfFCDwhoJWamdEM7ZQUbktS8-yolv8xr17iJ86mMwYrVhANvFYg2Awx4NeeOVPkRYrVV8ZTlwQ'}】到下一个接口
2023-04-07 18:34:46,657 - mylog - INFO - 用例--【用户登录】--执行通过
2023-04-07 18:34:46,860 - mylog - INFO - 用例返回：{'rows': [{'id': 125, 'titleName': '咸鱼'}, {'id': 124, 'titleName': '全职猎人'}, {'id': 123, 'titleName': '球王'}, {'id': 122, 'titleName': '邮寄证书职称'}, {'id': 121, 'titleName': '开发测试'}, {'id': 120, 'titleName': '测试重复'}, {'id': 119, 'titleName': '测试'}, {'id': 118, 'titleName': 'test'}, {'id': 117, 'titleName': 'zwx职称测试'}, {'id': 116, 'titleName': '小周裁判'}], 'total': 26, 'code': 200, 'msg': '查询成功'}
2023-04-07 18:34:46,860 - mylog - INFO - 用例--【查询所有职称】--执行通过
2023-04-07 18:34:47,141 - mylog - INFO - 用例返回：{'msg': '操作成功', 'code': 200, 'token': 'eyJhbGciOiJIUzUxMiJ9.eyJsb2dpbl91c2VyX2tleSI6IjIzOTkxODdlLTIwYWUtNGVlOC1hMjgxLWFkN2Q3YmVlODg1YyJ9.c8hO7QFA7v-339H1aj2R82NNCqgzTfQkG5TeSqjd1W5XsAQ7ID-0uBzmFsmq49pyBrtA_Kb2z5UCTBr0tOfOZA'}
2023-04-07 18:34:47,141 - mylog - INFO - 用例--【用户登录】--传递了参数【{'token': 'eyJhbGciOiJIUzUxMiJ9.eyJsb2dpbl91c2VyX2tleSI6IjIzOTkxODdlLTIwYWUtNGVlOC1hMjgxLWFkN2Q3YmVlODg1YyJ9.c8hO7QFA7v-339H1aj2R82NNCqgzTfQkG5TeSqjd1W5XsAQ7ID-0uBzmFsmq49pyBrtA_Kb2z5UCTBr0tOfOZA'}】到下一个接口
2023-04-07 18:34:47,141 - mylog - INFO - 用例--【用户登录】--执行通过
2023-04-07 18:34:47,344 - mylog - INFO - 用例返回：{'rows': [{'id': 125, 'titleName': '咸鱼'}, {'id': 124, 'titleName': '全职猎人'}, {'id': 123, 'titleName': '球王'}, {'id': 122, 'titleName': '邮寄证书职称'}, {'id': 121, 'titleName': '开发测试'}, {'id': 120, 'titleName': '测试重复'}, {'id': 119, 'titleName': '测试'}, {'id': 118, 'titleName': 'test'}, {'id': 117, 'titleName': 'zwx职称测试'}, {'id': 116, 'titleName': '小周裁判'}], 'total': 26, 'code': 200, 'msg': '查询成功'}
2023-04-07 18:34:47,344 - mylog - INFO - 用例--【查询所有职称】--执行通过
2023-04-07 18:35:47,727 - mylog - INFO - 用例返回：{'msg': '操作成功', 'code': 200, 'token': 'eyJhbGciOiJIUzUxMiJ9.eyJsb2dpbl91c2VyX2tleSI6ImYwZmZiODQ2LTU4OGUtNDNiZS1hZjY2LTE3MjI5MTA5MTA4YyJ9.ma3wEuuZct8RXIvVsLsBbm1lTWt9wHhwJaJfaTZOGoG7Gnmy-dHg9a7Un-nD1nSjzB182iyl22BOXvleModIhQ'}
2023-04-07 18:35:47,727 - mylog - INFO - 用例--【用户登录】--传递了参数【{'token': 'eyJhbGciOiJIUzUxMiJ9.eyJsb2dpbl91c2VyX2tleSI6ImYwZmZiODQ2LTU4OGUtNDNiZS1hZjY2LTE3MjI5MTA5MTA4YyJ9.ma3wEuuZct8RXIvVsLsBbm1lTWt9wHhwJaJfaTZOGoG7Gnmy-dHg9a7Un-nD1nSjzB182iyl22BOXvleModIhQ'}】到下一个接口
2023-04-07 18:35:47,727 - mylog - INFO - 用例--【用户登录】--执行通过
2023-04-07 18:35:47,930 - mylog - INFO - 用例返回：{'rows': [{'id': 125, 'titleName': '咸鱼'}, {'id': 124, 'titleName': '全职猎人'}, {'id': 123, 'titleName': '球王'}, {'id': 122, 'titleName': '邮寄证书职称'}, {'id': 121, 'titleName': '开发测试'}, {'id': 120, 'titleName': '测试重复'}, {'id': 119, 'titleName': '测试'}, {'id': 118, 'titleName': 'test'}, {'id': 117, 'titleName': 'zwx职称测试'}, {'id': 116, 'titleName': '小周裁判'}], 'total': 26, 'code': 200, 'msg': '查询成功'}
2023-04-07 18:35:47,930 - mylog - INFO - 用例--【查询所有职称】--执行通过
2023-04-07 18:35:48,212 - mylog - INFO - 用例返回：{'msg': '操作成功', 'code': 200, 'token': 'eyJhbGciOiJIUzUxMiJ9.eyJsb2dpbl91c2VyX2tleSI6IjEyMWJmMGE5LTg0Y2ItNDc3NS1hMzdhLTgyNzE3NTg5MjkyYiJ9.4TndgFBoE0ADM1LsULT0LchDqsZUq7jOduEmYUGShjUec62-VwubglXJae1DgUmlQxmakJRgVEXI8OBq3fCTXw'}
2023-04-07 18:35:48,212 - mylog - INFO - 用例--【用户登录】--传递了参数【{'token': 'eyJhbGciOiJIUzUxMiJ9.eyJsb2dpbl91c2VyX2tleSI6IjEyMWJmMGE5LTg0Y2ItNDc3NS1hMzdhLTgyNzE3NTg5MjkyYiJ9.4TndgFBoE0ADM1LsULT0LchDqsZUq7jOduEmYUGShjUec62-VwubglXJae1DgUmlQxmakJRgVEXI8OBq3fCTXw'}】到下一个接口
2023-04-07 18:35:48,212 - mylog - INFO - 用例--【用户登录】--执行通过
2023-04-07 18:35:48,399 - mylog - INFO - 用例返回：{'rows': [{'id': 125, 'titleName': '咸鱼'}, {'id': 124, 'titleName': '全职猎人'}, {'id': 123, 'titleName': '球王'}, {'id': 122, 'titleName': '邮寄证书职称'}, {'id': 121, 'titleName': '开发测试'}, {'id': 120, 'titleName': '测试重复'}, {'id': 119, 'titleName': '测试'}, {'id': 118, 'titleName': 'test'}, {'id': 117, 'titleName': 'zwx职称测试'}, {'id': 116, 'titleName': '小周裁判'}], 'total': 26, 'code': 200, 'msg': '查询成功'}
2023-04-07 18:35:48,415 - mylog - INFO - 用例--【查询所有职称】--执行通过
2023-04-07 18:36:13,214 - mylog - INFO - 用例返回：{'msg': '操作成功', 'code': 200, 'token': 'eyJhbGciOiJIUzUxMiJ9.eyJsb2dpbl91c2VyX2tleSI6IjIxYTdhNjQzLTQwYmYtNGQ4Ni04NmRjLTZiODNiMDcwN2E1OCJ9.rsJbxZWXGtnBtrlNBOpCXCZpAwZiQPUUCDCme6hnpDlqlFtYtzOxOyzSGWou64xcfx1MqdBpW9KjEP48hGdubQ'}
2023-04-07 18:36:13,214 - mylog - INFO - 用例--【用户登录】--传递了参数【{'token': 'eyJhbGciOiJIUzUxMiJ9.eyJsb2dpbl91c2VyX2tleSI6IjIxYTdhNjQzLTQwYmYtNGQ4Ni04NmRjLTZiODNiMDcwN2E1OCJ9.rsJbxZWXGtnBtrlNBOpCXCZpAwZiQPUUCDCme6hnpDlqlFtYtzOxOyzSGWou64xcfx1MqdBpW9KjEP48hGdubQ'}】到下一个接口
2023-04-07 18:36:13,214 - mylog - INFO - 用例--【用户登录】--执行通过
2023-04-07 18:36:13,418 - mylog - INFO - 用例返回：{'rows': [{'id': 125, 'titleName': '咸鱼'}, {'id': 124, 'titleName': '全职猎人'}, {'id': 123, 'titleName': '球王'}, {'id': 122, 'titleName': '邮寄证书职称'}, {'id': 121, 'titleName': '开发测试'}, {'id': 120, 'titleName': '测试重复'}, {'id': 119, 'titleName': '测试'}, {'id': 118, 'titleName': 'test'}, {'id': 117, 'titleName': 'zwx职称测试'}, {'id': 116, 'titleName': '小周裁判'}], 'total': 26, 'code': 200, 'msg': '查询成功'}
2023-04-07 18:36:13,418 - mylog - INFO - 用例--【查询所有职称】--执行通过
2023-04-07 18:36:13,746 - mylog - INFO - 用例返回：{'msg': '操作成功', 'code': 200, 'token': 'eyJhbGciOiJIUzUxMiJ9.eyJsb2dpbl91c2VyX2tleSI6ImE2OWU5ZmQ4LTY1NTQtNDA4YS04MmNiLWU3M2FjYmU0MGQyYyJ9.iG7FfKWoXOavp8x6hDoVzheSJCRd-TwcSVXtxYnvStGKAT-JF9K1R0rysHXTqXWTH0qP49QViwbPkEtWQP2M7w'}
2023-04-07 18:36:13,746 - mylog - INFO - 用例--【用户登录】--传递了参数【{'token': 'eyJhbGciOiJIUzUxMiJ9.eyJsb2dpbl91c2VyX2tleSI6ImE2OWU5ZmQ4LTY1NTQtNDA4YS04MmNiLWU3M2FjYmU0MGQyYyJ9.iG7FfKWoXOavp8x6hDoVzheSJCRd-TwcSVXtxYnvStGKAT-JF9K1R0rysHXTqXWTH0qP49QViwbPkEtWQP2M7w'}】到下一个接口
2023-04-07 18:36:13,746 - mylog - INFO - 用例--【用户登录】--执行通过
2023-04-07 18:36:13,933 - mylog - INFO - 用例返回：{'rows': [{'id': 125, 'titleName': '咸鱼'}, {'id': 124, 'titleName': '全职猎人'}, {'id': 123, 'titleName': '球王'}, {'id': 122, 'titleName': '邮寄证书职称'}, {'id': 121, 'titleName': '开发测试'}, {'id': 120, 'titleName': '测试重复'}, {'id': 119, 'titleName': '测试'}, {'id': 118, 'titleName': 'test'}, {'id': 117, 'titleName': 'zwx职称测试'}, {'id': 116, 'titleName': '小周裁判'}], 'total': 26, 'code': 200, 'msg': '查询成功'}
2023-04-07 18:36:13,933 - mylog - INFO - 用例--【查询所有职称】--执行通过
2023-04-07 18:37:00,384 - mylog - INFO - 用例返回：{'msg': '操作成功', 'code': 200, 'token': 'eyJhbGciOiJIUzUxMiJ9.eyJsb2dpbl91c2VyX2tleSI6ImJkYWIzYzBhLTU2N2QtNDc4OC1iNTAxLTYzOTYzOTBmNTIyMSJ9.474Jjc7xPc9QdpUNXQgJx1ZUKybt8Ggpc0Zkc5PWXhppg4B9SK0ZeQmzMb_CSEgC956ZeoC9jtX9Y8LRJP5-Og'}
2023-04-07 18:37:00,384 - mylog - INFO - 用例--【用户登录】--传递了参数【{'token': 'eyJhbGciOiJIUzUxMiJ9.eyJsb2dpbl91c2VyX2tleSI6ImJkYWIzYzBhLTU2N2QtNDc4OC1iNTAxLTYzOTYzOTBmNTIyMSJ9.474Jjc7xPc9QdpUNXQgJx1ZUKybt8Ggpc0Zkc5PWXhppg4B9SK0ZeQmzMb_CSEgC956ZeoC9jtX9Y8LRJP5-Og'}】到下一个接口
2023-04-07 18:37:00,384 - mylog - INFO - 用例--【用户登录】--执行通过
2023-04-07 18:37:00,635 - mylog - INFO - 用例返回：{'rows': [{'id': 125, 'titleName': '咸鱼'}, {'id': 124, 'titleName': '全职猎人'}, {'id': 123, 'titleName': '球王'}, {'id': 122, 'titleName': '邮寄证书职称'}, {'id': 121, 'titleName': '开发测试'}, {'id': 120, 'titleName': '测试重复'}, {'id': 119, 'titleName': '测试'}, {'id': 118, 'titleName': 'test'}, {'id': 117, 'titleName': 'zwx职称测试'}, {'id': 116, 'titleName': '小周裁判'}], 'total': 26, 'code': 200, 'msg': '查询成功'}
2023-04-07 18:37:00,635 - mylog - INFO - 用例--【查询所有职称】--执行通过
2023-04-07 18:37:00,931 - mylog - INFO - 用例返回：{'msg': '操作成功', 'code': 200, 'token': 'eyJhbGciOiJIUzUxMiJ9.eyJsb2dpbl91c2VyX2tleSI6IjNjODBlMGQ2LTY4NTItNDdkMi05MzU0LTE2ZDMyNTY2MTNjMyJ9.zWf__Ohg6Mb2j3UGJBlrHj1wu3P1WyUeAWMWrMCGaineUdbw_zEJgk-fcsxg3PNiB9JKYJLtQzI2_dlRFegz5A'}
2023-04-07 18:37:00,931 - mylog - INFO - 用例--【用户登录】--传递了参数【{'token': 'eyJhbGciOiJIUzUxMiJ9.eyJsb2dpbl91c2VyX2tleSI6IjNjODBlMGQ2LTY4NTItNDdkMi05MzU0LTE2ZDMyNTY2MTNjMyJ9.zWf__Ohg6Mb2j3UGJBlrHj1wu3P1WyUeAWMWrMCGaineUdbw_zEJgk-fcsxg3PNiB9JKYJLtQzI2_dlRFegz5A'}】到下一个接口
2023-04-07 18:37:00,931 - mylog - INFO - 用例--【用户登录】--执行通过
2023-04-07 18:37:01,119 - mylog - INFO - 用例返回：{'rows': [{'id': 125, 'titleName': '咸鱼'}, {'id': 124, 'titleName': '全职猎人'}, {'id': 123, 'titleName': '球王'}, {'id': 122, 'titleName': '邮寄证书职称'}, {'id': 121, 'titleName': '开发测试'}, {'id': 120, 'titleName': '测试重复'}, {'id': 119, 'titleName': '测试'}, {'id': 118, 'titleName': 'test'}, {'id': 117, 'titleName': 'zwx职称测试'}, {'id': 116, 'titleName': '小周裁判'}], 'total': 26, 'code': 200, 'msg': '查询成功'}
2023-04-07 18:37:01,119 - mylog - INFO - 用例--【查询所有职称】--执行通过
2023-04-07 18:37:31,905 - mylog - INFO - 用例返回：{'msg': '操作成功', 'code': 200, 'token': 'eyJhbGciOiJIUzUxMiJ9.eyJsb2dpbl91c2VyX2tleSI6ImYzY2M5MjkxLTU2NzItNGUwMC1hMzA5LTIwZjc2NjkxNDJmYSJ9.RQjyKGjyi6IJh-952I02ehRsJwXYFC9P2TcDDbbfy-mV6ZBqN0Okyz_Sekmh4YxZ4v9CrZdLfy31MoM_RwC8SQ'}
2023-04-07 18:37:31,905 - mylog - INFO - 用例--【用户登录】--传递了参数【{'token': 'eyJhbGciOiJIUzUxMiJ9.eyJsb2dpbl91c2VyX2tleSI6ImYzY2M5MjkxLTU2NzItNGUwMC1hMzA5LTIwZjc2NjkxNDJmYSJ9.RQjyKGjyi6IJh-952I02ehRsJwXYFC9P2TcDDbbfy-mV6ZBqN0Okyz_Sekmh4YxZ4v9CrZdLfy31MoM_RwC8SQ'}】到下一个接口
2023-04-07 18:37:31,905 - mylog - INFO - 用例--【用户登录】--执行通过
2023-04-07 18:37:32,093 - mylog - INFO - 用例返回：{'rows': [{'id': 125, 'titleName': '咸鱼'}, {'id': 124, 'titleName': '全职猎人'}, {'id': 123, 'titleName': '球王'}, {'id': 122, 'titleName': '邮寄证书职称'}, {'id': 121, 'titleName': '开发测试'}, {'id': 120, 'titleName': '测试重复'}, {'id': 119, 'titleName': '测试'}, {'id': 118, 'titleName': 'test'}, {'id': 117, 'titleName': 'zwx职称测试'}, {'id': 116, 'titleName': '小周裁判'}], 'total': 26, 'code': 200, 'msg': '查询成功'}
2023-04-07 18:37:32,093 - mylog - INFO - 用例--【查询所有职称】--执行通过
2023-04-07 18:37:32,374 - mylog - INFO - 用例返回：{'msg': '操作成功', 'code': 200, 'token': 'eyJhbGciOiJIUzUxMiJ9.eyJsb2dpbl91c2VyX2tleSI6IjNiZTkwYjExLTMwNGQtNDYzNS05YTQyLWZkZTI1MjcwMGY3MSJ9.RP3DFByFFHQbAM0xWnFuizD7xQBTx2GXTREqeuBt4Er22fYR3T4HzfGwQJBfxRWpCTMXfA1yO4MOBHakQn57nw'}
2023-04-07 18:37:32,374 - mylog - INFO - 用例--【用户登录】--传递了参数【{'token': 'eyJhbGciOiJIUzUxMiJ9.eyJsb2dpbl91c2VyX2tleSI6IjNiZTkwYjExLTMwNGQtNDYzNS05YTQyLWZkZTI1MjcwMGY3MSJ9.RP3DFByFFHQbAM0xWnFuizD7xQBTx2GXTREqeuBt4Er22fYR3T4HzfGwQJBfxRWpCTMXfA1yO4MOBHakQn57nw'}】到下一个接口
2023-04-07 18:37:32,374 - mylog - INFO - 用例--【用户登录】--执行通过
2023-04-07 18:37:32,577 - mylog - INFO - 用例返回：{'rows': [{'id': 125, 'titleName': '咸鱼'}, {'id': 124, 'titleName': '全职猎人'}, {'id': 123, 'titleName': '球王'}, {'id': 122, 'titleName': '邮寄证书职称'}, {'id': 121, 'titleName': '开发测试'}, {'id': 120, 'titleName': '测试重复'}, {'id': 119, 'titleName': '测试'}, {'id': 118, 'titleName': 'test'}, {'id': 117, 'titleName': 'zwx职称测试'}, {'id': 116, 'titleName': '小周裁判'}], 'total': 26, 'code': 200, 'msg': '查询成功'}
2023-04-07 18:37:32,577 - mylog - INFO - 用例--【查询所有职称】--执行通过
2023-04-07 18:37:55,047 - mylog - INFO - 用例返回：{'msg': '操作成功', 'code': 200, 'token': 'eyJhbGciOiJIUzUxMiJ9.eyJsb2dpbl91c2VyX2tleSI6ImFhNjdiMDQ3LTUyMGQtNGJiMi1iNTBjLTBjODcxZmRmZThhOSJ9.ii4v6dciQ9as8BVIx4oDDfY8T6FI1TaWXfssKgYVoFqthQRnqIXxjahRptlVAiBGZlYiBko6pqtnnItV_IX5Gg'}
2023-04-07 18:37:55,047 - mylog - INFO - 用例--【用户登录】--传递了参数【{'token': 'eyJhbGciOiJIUzUxMiJ9.eyJsb2dpbl91c2VyX2tleSI6ImFhNjdiMDQ3LTUyMGQtNGJiMi1iNTBjLTBjODcxZmRmZThhOSJ9.ii4v6dciQ9as8BVIx4oDDfY8T6FI1TaWXfssKgYVoFqthQRnqIXxjahRptlVAiBGZlYiBko6pqtnnItV_IX5Gg'}】到下一个接口
2023-04-07 18:37:55,047 - mylog - INFO - 用例--【用户登录】--执行通过
2023-04-07 18:37:55,234 - mylog - INFO - 用例返回：{'rows': [{'id': 125, 'titleName': '咸鱼'}, {'id': 124, 'titleName': '全职猎人'}, {'id': 123, 'titleName': '球王'}, {'id': 122, 'titleName': '邮寄证书职称'}, {'id': 121, 'titleName': '开发测试'}, {'id': 120, 'titleName': '测试重复'}, {'id': 119, 'titleName': '测试'}, {'id': 118, 'titleName': 'test'}, {'id': 117, 'titleName': 'zwx职称测试'}, {'id': 116, 'titleName': '小周裁判'}], 'total': 26, 'code': 200, 'msg': '查询成功'}
2023-04-07 18:37:55,234 - mylog - INFO - 用例--【查询所有职称】--执行通过
2023-04-07 18:37:55,531 - mylog - INFO - 用例返回：{'msg': '操作成功', 'code': 200, 'token': 'eyJhbGciOiJIUzUxMiJ9.eyJsb2dpbl91c2VyX2tleSI6ImE4YTc0ZDc1LTU4NWEtNGVkOS1hZTUzLWIyNGMyZjhhODZkNSJ9.BUECMxCK9sz74jM8miMTwWJlDzhDmNng5AyK6QlFq1uEYSdnzCAEeSxi7XQ6x42tyEvYvIvjbO6TyTR1rhsaBg'}
2023-04-07 18:37:55,531 - mylog - INFO - 用例--【用户登录】--传递了参数【{'token': 'eyJhbGciOiJIUzUxMiJ9.eyJsb2dpbl91c2VyX2tleSI6ImE4YTc0ZDc1LTU4NWEtNGVkOS1hZTUzLWIyNGMyZjhhODZkNSJ9.BUECMxCK9sz74jM8miMTwWJlDzhDmNng5AyK6QlFq1uEYSdnzCAEeSxi7XQ6x42tyEvYvIvjbO6TyTR1rhsaBg'}】到下一个接口
2023-04-07 18:37:55,531 - mylog - INFO - 用例--【用户登录】--执行通过
2023-04-07 18:37:55,734 - mylog - INFO - 用例返回：{'rows': [{'id': 125, 'titleName': '咸鱼'}, {'id': 124, 'titleName': '全职猎人'}, {'id': 123, 'titleName': '球王'}, {'id': 122, 'titleName': '邮寄证书职称'}, {'id': 121, 'titleName': '开发测试'}, {'id': 120, 'titleName': '测试重复'}, {'id': 119, 'titleName': '测试'}, {'id': 118, 'titleName': 'test'}, {'id': 117, 'titleName': 'zwx职称测试'}, {'id': 116, 'titleName': '小周裁判'}], 'total': 26, 'code': 200, 'msg': '查询成功'}
2023-04-07 18:37:55,734 - mylog - INFO - 用例--【查询所有职称】--执行通过
2023-04-07 18:39:29,061 - mylog - INFO - 用例返回：{'msg': '操作成功', 'code': 200, 'token': 'eyJhbGciOiJIUzUxMiJ9.eyJsb2dpbl91c2VyX2tleSI6IjRlYzdjMTAyLTdmOTQtNDE2ZC1iNDE2LTMyMWI2NDIxNWM5OSJ9.yTWggLqJNua7-XbB7Z7nNk_qKG7o8U0M-O2QQcB5cqde4kYyBpw7F2Q78C12Bwe24YSvyEYXuhNP5ZX_EBWyOQ'}
2023-04-07 18:39:29,061 - mylog - INFO - 用例--【用户登录】--传递了参数【{'token': 'eyJhbGciOiJIUzUxMiJ9.eyJsb2dpbl91c2VyX2tleSI6IjRlYzdjMTAyLTdmOTQtNDE2ZC1iNDE2LTMyMWI2NDIxNWM5OSJ9.yTWggLqJNua7-XbB7Z7nNk_qKG7o8U0M-O2QQcB5cqde4kYyBpw7F2Q78C12Bwe24YSvyEYXuhNP5ZX_EBWyOQ'}】到下一个接口
2023-04-07 18:39:29,062 - mylog - INFO - 用例--【用户登录】--执行通过
2023-04-07 18:39:29,256 - mylog - INFO - 用例返回：{'rows': [{'id': 125, 'titleName': '咸鱼'}, {'id': 124, 'titleName': '全职猎人'}, {'id': 123, 'titleName': '球王'}, {'id': 122, 'titleName': '邮寄证书职称'}, {'id': 121, 'titleName': '开发测试'}, {'id': 120, 'titleName': '测试重复'}, {'id': 119, 'titleName': '测试'}, {'id': 118, 'titleName': 'test'}, {'id': 117, 'titleName': 'zwx职称测试'}, {'id': 116, 'titleName': '小周裁判'}], 'total': 26, 'code': 200, 'msg': '查询成功'}
2023-04-07 18:39:29,256 - mylog - INFO - 用例--【查询所有职称】--执行通过
2023-04-07 18:39:29,574 - mylog - INFO - 用例返回：{'msg': '操作成功', 'code': 200, 'token': 'eyJhbGciOiJIUzUxMiJ9.eyJsb2dpbl91c2VyX2tleSI6IjEwMmUyZWNjLWRmZGUtNDJmMC05YjM0LTI3ZGI0NWI4MGI5YSJ9.roO-QjNfIF2tRKfevTzxfrZSsb6KssSFPb5-04VUH4s6qYeLKQ0NV-jhMwVQKa7D2drrQpX05BtSRy9jZeh4_Q'}
2023-04-07 18:39:29,574 - mylog - INFO - 用例--【用户登录】--传递了参数【{'token': 'eyJhbGciOiJIUzUxMiJ9.eyJsb2dpbl91c2VyX2tleSI6IjEwMmUyZWNjLWRmZGUtNDJmMC05YjM0LTI3ZGI0NWI4MGI5YSJ9.roO-QjNfIF2tRKfevTzxfrZSsb6KssSFPb5-04VUH4s6qYeLKQ0NV-jhMwVQKa7D2drrQpX05BtSRy9jZeh4_Q'}】到下一个接口
2023-04-07 18:39:29,575 - mylog - INFO - 用例--【用户登录】--执行通过
2023-04-07 18:39:29,777 - mylog - INFO - 用例返回：{'rows': [{'id': 125, 'titleName': '咸鱼'}, {'id': 124, 'titleName': '全职猎人'}, {'id': 123, 'titleName': '球王'}, {'id': 122, 'titleName': '邮寄证书职称'}, {'id': 121, 'titleName': '开发测试'}, {'id': 120, 'titleName': '测试重复'}, {'id': 119, 'titleName': '测试'}, {'id': 118, 'titleName': 'test'}, {'id': 117, 'titleName': 'zwx职称测试'}, {'id': 116, 'titleName': '小周裁判'}], 'total': 26, 'code': 200, 'msg': '查询成功'}
2023-04-07 18:39:29,777 - mylog - INFO - 用例--【查询所有职称】--执行通过
2023-04-07 19:09:47,667 - mylog - INFO - 用例返回：{'msg': '操作成功', 'code': 200, 'token': 'eyJhbGciOiJIUzUxMiJ9.eyJsb2dpbl91c2VyX2tleSI6IjczZWE5NjJjLTBiM2ItNGU5Ny1iOWVlLTg2NzM2ZGY3YzBiOCJ9.gWon1VSvfolqQKSw0RQR_KhZxNo3TDxc2j-Pu7adqG_KDePT5Q-9DaY_ywafhJuoBmoj3DLs-tDBLokTZsy4FQ'}
2023-04-07 19:09:47,667 - mylog - INFO - 用例--【用户登录】--传递了参数【{'token': 'eyJhbGciOiJIUzUxMiJ9.eyJsb2dpbl91c2VyX2tleSI6IjczZWE5NjJjLTBiM2ItNGU5Ny1iOWVlLTg2NzM2ZGY3YzBiOCJ9.gWon1VSvfolqQKSw0RQR_KhZxNo3TDxc2j-Pu7adqG_KDePT5Q-9DaY_ywafhJuoBmoj3DLs-tDBLokTZsy4FQ'}】到下一个接口
2023-04-07 19:09:47,667 - mylog - INFO - 用例--【用户登录】--执行通过
2023-04-07 19:09:47,870 - mylog - INFO - 用例返回：{'rows': [{'id': 125, 'titleName': '咸鱼'}, {'id': 124, 'titleName': '全职猎人'}, {'id': 123, 'titleName': '球王'}, {'id': 122, 'titleName': '邮寄证书职称'}, {'id': 121, 'titleName': '开发测试'}, {'id': 120, 'titleName': '测试重复'}, {'id': 119, 'titleName': '测试'}, {'id': 118, 'titleName': 'test'}, {'id': 117, 'titleName': 'zwx职称测试'}, {'id': 116, 'titleName': '小周裁判'}], 'total': 26, 'code': 200, 'msg': '查询成功'}
2023-04-07 19:09:47,870 - mylog - INFO - 用例--【查询所有职称】--执行通过
2023-04-07 19:09:48,167 - mylog - INFO - 用例返回：{'msg': '操作成功', 'code': 200, 'token': 'eyJhbGciOiJIUzUxMiJ9.eyJsb2dpbl91c2VyX2tleSI6IjBmMTY2Njg3LThhNDMtNGU4ZS1hODNlLTE3ZGEwNjVlOWNmOCJ9.JHUzMHHFiKCXrk7b_POwiBDJXPJT4z-ELBdvmKSAi55occdIdQ8DFrH4eNYlBx2l5kflkyejjKpRAaFJq3SZEQ'}
2023-04-07 19:09:48,167 - mylog - INFO - 用例--【用户登录】--传递了参数【{'token': 'eyJhbGciOiJIUzUxMiJ9.eyJsb2dpbl91c2VyX2tleSI6IjBmMTY2Njg3LThhNDMtNGU4ZS1hODNlLTE3ZGEwNjVlOWNmOCJ9.JHUzMHHFiKCXrk7b_POwiBDJXPJT4z-ELBdvmKSAi55occdIdQ8DFrH4eNYlBx2l5kflkyejjKpRAaFJq3SZEQ'}】到下一个接口
2023-04-07 19:09:48,167 - mylog - INFO - 用例--【用户登录】--执行通过
2023-04-07 19:09:48,354 - mylog - INFO - 用例返回：{'rows': [{'id': 125, 'titleName': '咸鱼'}, {'id': 124, 'titleName': '全职猎人'}, {'id': 123, 'titleName': '球王'}, {'id': 122, 'titleName': '邮寄证书职称'}, {'id': 121, 'titleName': '开发测试'}, {'id': 120, 'titleName': '测试重复'}, {'id': 119, 'titleName': '测试'}, {'id': 118, 'titleName': 'test'}, {'id': 117, 'titleName': 'zwx职称测试'}, {'id': 116, 'titleName': '小周裁判'}], 'total': 26, 'code': 200, 'msg': '查询成功'}
2023-04-07 19:09:48,354 - mylog - INFO - 用例--【查询所有职称】--执行通过
2023-04-07 19:10:18,980 - mylog - INFO - 用例返回：{'msg': '操作成功', 'code': 200, 'token': 'eyJhbGciOiJIUzUxMiJ9.eyJsb2dpbl91c2VyX2tleSI6IjE5YzQ3MzBjLWIyZGQtNDkzMi05ZTQxLTkzZTlhY2RkN2E2OCJ9.fbcmXz7kkNl6UHrQQPgZd4_XDDkPmpmsr3jFE-X2P6jnHDkT9K2vWAGj9hgmE9SfYZb9EYrwFUEPLFzRucNS7Q'}
2023-04-07 19:10:18,980 - mylog - INFO - 用例--【用户登录】--传递了参数【{'token': 'eyJhbGciOiJIUzUxMiJ9.eyJsb2dpbl91c2VyX2tleSI6IjE5YzQ3MzBjLWIyZGQtNDkzMi05ZTQxLTkzZTlhY2RkN2E2OCJ9.fbcmXz7kkNl6UHrQQPgZd4_XDDkPmpmsr3jFE-X2P6jnHDkT9K2vWAGj9hgmE9SfYZb9EYrwFUEPLFzRucNS7Q'}】到下一个接口
2023-04-07 19:10:18,980 - mylog - INFO - 用例--【用户登录】--执行通过
2023-04-07 19:10:19,193 - mylog - INFO - 用例返回：{'rows': [{'id': 125, 'titleName': '咸鱼'}, {'id': 124, 'titleName': '全职猎人'}, {'id': 123, 'titleName': '球王'}, {'id': 122, 'titleName': '邮寄证书职称'}, {'id': 121, 'titleName': '开发测试'}, {'id': 120, 'titleName': '测试重复'}, {'id': 119, 'titleName': '测试'}, {'id': 118, 'titleName': 'test'}, {'id': 117, 'titleName': 'zwx职称测试'}, {'id': 116, 'titleName': '小周裁判'}], 'total': 26, 'code': 200, 'msg': '查询成功'}
2023-04-07 19:10:19,193 - mylog - INFO - 用例--【查询所有职称】--执行通过
2023-04-07 19:10:19,497 - mylog - INFO - 用例返回：{'msg': '操作成功', 'code': 200, 'token': 'eyJhbGciOiJIUzUxMiJ9.eyJsb2dpbl91c2VyX2tleSI6ImRkMzkyNWIxLWFiYzAtNGEwNi05NjUwLTQ2YTY3Njk4MWNkOCJ9.B5ARasJsbP-Oa8UF6ZJVV-Hoc8q6ycdxkHT_CvATY2xSFBjONZ20xbZp2Y9t9RBz8Mcvkt6pjBjJDQAd4G1rnw'}
2023-04-07 19:10:19,497 - mylog - INFO - 用例--【用户登录】--传递了参数【{'token': 'eyJhbGciOiJIUzUxMiJ9.eyJsb2dpbl91c2VyX2tleSI6ImRkMzkyNWIxLWFiYzAtNGEwNi05NjUwLTQ2YTY3Njk4MWNkOCJ9.B5ARasJsbP-Oa8UF6ZJVV-Hoc8q6ycdxkHT_CvATY2xSFBjONZ20xbZp2Y9t9RBz8Mcvkt6pjBjJDQAd4G1rnw'}】到下一个接口
2023-04-07 19:10:19,497 - mylog - INFO - 用例--【用户登录】--执行通过
2023-04-07 19:10:19,685 - mylog - INFO - 用例返回：{'rows': [{'id': 125, 'titleName': '咸鱼'}, {'id': 124, 'titleName': '全职猎人'}, {'id': 123, 'titleName': '球王'}, {'id': 122, 'titleName': '邮寄证书职称'}, {'id': 121, 'titleName': '开发测试'}, {'id': 120, 'titleName': '测试重复'}, {'id': 119, 'titleName': '测试'}, {'id': 118, 'titleName': 'test'}, {'id': 117, 'titleName': 'zwx职称测试'}, {'id': 116, 'titleName': '小周裁判'}], 'total': 26, 'code': 200, 'msg': '查询成功'}
2023-04-07 19:10:19,685 - mylog - INFO - 用例--【查询所有职称】--执行通过
